{"C:\\RUIHUA\\npm\\rh-js-methods\\src\\constants.ts": {"path":"C:\\RUIHUA\\npm\\rh-js-methods\\src\\constants.ts","statementMap":{"0":{"start":{"line":1,"column":13},"end":{"line":1,"column":57}},"1":{"start":{"line":2,"column":13},"end":{"line":2,"column":58}},"2":{"start":{"line":3,"column":13},"end":{"line":3,"column":33}}},"fnMap":{},"branchMap":{},"s":{"0":1,"1":1,"2":1},"f":{},"b":{}}
,"C:\\RUIHUA\\npm\\rh-js-methods\\src\\array\\filter.ts": {"path":"C:\\RUIHUA\\npm\\rh-js-methods\\src\\array\\filter.ts","statementMap":{"0":{"start":{"line":1,"column":0},"end":{"line":1,"column":36}},"1":{"start":{"line":17,"column":2},"end":{"line":17,"column":null}},"2":{"start":{"line":17,"column":46},"end":{"line":17,"column":null}},"3":{"start":{"line":19,"column":44},"end":{"line":19,"column":46}},"4":{"start":{"line":21,"column":2},"end":{"line":22,"column":null}},"5":{"start":{"line":22,"column":4},"end":{"line":22,"column":null}},"6":{"start":{"line":24,"column":2},"end":{"line":33,"column":null}},"7":{"start":{"line":26,"column":4},"end":{"line":26,"column":null}},"8":{"start":{"line":26,"column":25},"end":{"line":26,"column":null}},"9":{"start":{"line":28,"column":4},"end":{"line":31,"column":null}},"10":{"start":{"line":29,"column":6},"end":{"line":29,"column":null}},"11":{"start":{"line":29,"column":31},"end":{"line":29,"column":null}},"12":{"start":{"line":30,"column":6},"end":{"line":30,"column":null}},"13":{"start":{"line":30,"column":48},"end":{"line":30,"column":null}},"14":{"start":{"line":32,"column":4},"end":{"line":32,"column":null}},"15":{"start":{"line":11,"column":0},"end":{"line":11,"column":16}}},"fnMap":{"0":{"name":"filter","decl":{"start":{"line":11,"column":16},"end":{"line":11,"column":22}},"loc":{"start":{"line":14,"column":25},"end":{"line":34,"column":1}}},"1":{"name":"(anonymous_1)","decl":{"start":{"line":24,"column":21},"end":{"line":24,"column":22}},"loc":{"start":{"line":24,"column":42},"end":{"line":33,"column":3}}}},"branchMap":{"0":{"loc":{"start":{"line":14,"column":2},"end":{"line":14,"column":25}},"type":"default-arg","locations":[{"start":{"line":14,"column":20},"end":{"line":14,"column":25}}]},"1":{"loc":{"start":{"line":17,"column":2},"end":{"line":17,"column":null}},"type":"if","locations":[{"start":{"line":17,"column":2},"end":{"line":17,"column":null}}]},"2":{"loc":{"start":{"line":17,"column":6},"end":{"line":17,"column":44}},"type":"binary-expr","locations":[{"start":{"line":17,"column":6},"end":{"line":17,"column":23}},{"start":{"line":17,"column":27},"end":{"line":17,"column":44}}]},"3":{"loc":{"start":{"line":26,"column":4},"end":{"line":26,"column":null}},"type":"if","locations":[{"start":{"line":26,"column":4},"end":{"line":26,"column":null}}]},"4":{"loc":{"start":{"line":29,"column":6},"end":{"line":29,"column":null}},"type":"if","locations":[{"start":{"line":29,"column":6},"end":{"line":29,"column":null}}]},"5":{"loc":{"start":{"line":30,"column":6},"end":{"line":30,"column":null}},"type":"if","locations":[{"start":{"line":30,"column":6},"end":{"line":30,"column":null}}]}},"s":{"0":1,"1":0,"2":0,"3":0,"4":0,"5":0,"6":0,"7":0,"8":0,"9":0,"10":0,"11":0,"12":0,"13":0,"14":0,"15":1},"f":{"0":0,"1":0},"b":{"0":[0],"1":[0],"2":[0,0],"3":[0],"4":[0],"5":[0]}}
,"C:\\RUIHUA\\npm\\rh-js-methods\\src\\array\\index.ts": {"path":"C:\\RUIHUA\\npm\\rh-js-methods\\src\\array\\index.ts","statementMap":{"0":{"start":{"line":1,"column":0},"end":{"line":1,"column":24}},"1":{"start":{"line":2,"column":0},"end":{"line":2,"column":24}},"2":{"start":{"line":3,"column":0},"end":{"line":3,"column":25}},"3":{"start":{"line":4,"column":0},"end":{"line":4,"column":22}},"4":{"start":{"line":5,"column":0},"end":{"line":5,"column":25}},"5":{"start":{"line":6,"column":0},"end":{"line":6,"column":21}}},"fnMap":{},"branchMap":{},"s":{"0":1,"1":1,"2":1,"3":1,"4":1,"5":1},"f":{},"b":{}}
,"C:\\RUIHUA\\npm\\rh-js-methods\\src\\array\\isArray.ts": {"path":"C:\\RUIHUA\\npm\\rh-js-methods\\src\\array\\isArray.ts","statementMap":{"0":{"start":{"line":8,"column":2},"end":{"line":8,"column":null}},"1":{"start":{"line":7,"column":0},"end":{"line":7,"column":16}}},"fnMap":{"0":{"name":"isArray","decl":{"start":{"line":7,"column":16},"end":{"line":7,"column":23}},"loc":{"start":{"line":7,"column":34},"end":{"line":9,"column":1}}}},"branchMap":{},"s":{"0":1,"1":1},"f":{"0":1},"b":{}}
,"C:\\RUIHUA\\npm\\rh-js-methods\\src\\array\\select.ts": {"path":"C:\\RUIHUA\\npm\\rh-js-methods\\src\\array\\select.ts","statementMap":{"0":{"start":{"line":1,"column":0},"end":{"line":1,"column":34}},"1":{"start":{"line":12,"column":2},"end":{"line":14,"column":null}},"2":{"start":{"line":13,"column":4},"end":{"line":13,"column":null}},"3":{"start":{"line":15,"column":20},"end":{"line":15,"column":41}},"4":{"start":{"line":16,"column":22},"end":{"line":16,"column":24}},"5":{"start":{"line":17,"column":14},"end":{"line":17,"column":15}},"6":{"start":{"line":18,"column":2},"end":{"line":22,"column":null}},"7":{"start":{"line":19,"column":4},"end":{"line":19,"column":null}},"8":{"start":{"line":20,"column":4},"end":{"line":20,"column":null}},"9":{"start":{"line":21,"column":4},"end":{"line":21,"column":null}},"10":{"start":{"line":23,"column":2},"end":{"line":23,"column":null}},"11":{"start":{"line":11,"column":0},"end":{"line":11,"column":16}},"12":{"start":{"line":34,"column":14},"end":{"line":34,"column":25}},"13":{"start":{"line":35,"column":2},"end":{"line":35,"column":null}},"14":{"start":{"line":35,"column":17},"end":{"line":35,"column":null}},"15":{"start":{"line":37,"column":2},"end":{"line":37,"column":null}},"16":{"start":{"line":37,"column":29},"end":{"line":37,"column":null}},"17":{"start":{"line":38,"column":2},"end":{"line":38,"column":null}},"18":{"start":{"line":38,"column":19},"end":{"line":38,"column":null}},"19":{"start":{"line":39,"column":2},"end":{"line":39,"column":null}},"20":{"start":{"line":39,"column":18},"end":{"line":39,"column":null}},"21":{"start":{"line":40,"column":2},"end":{"line":40,"column":null}},"22":{"start":{"line":40,"column":17},"end":{"line":40,"column":null}},"23":{"start":{"line":42,"column":2},"end":{"line":42,"column":null}},"24":{"start":{"line":33,"column":0},"end":{"line":33,"column":16}}},"fnMap":{"0":{"name":"selects","decl":{"start":{"line":11,"column":16},"end":{"line":11,"column":23}},"loc":{"start":{"line":11,"column":62},"end":{"line":24,"column":1}}},"1":{"name":"select","decl":{"start":{"line":33,"column":16},"end":{"line":33,"column":22}},"loc":{"start":{"line":33,"column":56},"end":{"line":43,"column":1}}}},"branchMap":{"0":{"loc":{"start":{"line":12,"column":2},"end":{"line":14,"column":null}},"type":"if","locations":[{"start":{"line":12,"column":2},"end":{"line":14,"column":null}}]},"1":{"loc":{"start":{"line":15,"column":20},"end":{"line":15,"column":41}},"type":"binary-expr","locations":[{"start":{"line":15,"column":20},"end":{"line":15,"column":36}},{"start":{"line":15,"column":40},"end":{"line":15,"column":41}}]},"2":{"loc":{"start":{"line":33,"column":26},"end":{"line":33,"column":40}},"type":"default-arg","locations":[{"start":{"line":33,"column":38},"end":{"line":33,"column":40}}]},"3":{"loc":{"start":{"line":35,"column":2},"end":{"line":35,"column":null}},"type":"if","locations":[{"start":{"line":35,"column":2},"end":{"line":35,"column":null}}]},"4":{"loc":{"start":{"line":37,"column":2},"end":{"line":37,"column":null}},"type":"if","locations":[{"start":{"line":37,"column":2},"end":{"line":37,"column":null}}]},"5":{"loc":{"start":{"line":37,"column":6},"end":{"line":37,"column":27}},"type":"binary-expr","locations":[{"start":{"line":37,"column":6},"end":{"line":37,"column":12}},{"start":{"line":37,"column":16},"end":{"line":37,"column":27}}]},"6":{"loc":{"start":{"line":38,"column":2},"end":{"line":38,"column":null}},"type":"if","locations":[{"start":{"line":38,"column":2},"end":{"line":38,"column":null}}]},"7":{"loc":{"start":{"line":39,"column":2},"end":{"line":39,"column":null}},"type":"if","locations":[{"start":{"line":39,"column":2},"end":{"line":39,"column":null}}]},"8":{"loc":{"start":{"line":40,"column":2},"end":{"line":40,"column":null}},"type":"if","locations":[{"start":{"line":40,"column":2},"end":{"line":40,"column":null}}]}},"s":{"0":1,"1":0,"2":0,"3":0,"4":0,"5":0,"6":0,"7":0,"8":0,"9":0,"10":0,"11":1,"12":0,"13":0,"14":0,"15":0,"16":0,"17":0,"18":0,"19":0,"20":0,"21":0,"22":0,"23":0,"24":1},"f":{"0":0,"1":0},"b":{"0":[0],"1":[0,0],"2":[0],"3":[0],"4":[0],"5":[0,0],"6":[0],"7":[0],"8":[0]}}
,"C:\\RUIHUA\\npm\\rh-js-methods\\src\\array\\toArray.ts": {"path":"C:\\RUIHUA\\npm\\rh-js-methods\\src\\array\\toArray.ts","statementMap":{"0":{"start":{"line":1,"column":0},"end":{"line":1,"column":35}},"1":{"start":{"line":10,"column":1},"end":{"line":10,"column":null}},"2":{"start":{"line":10,"column":21},"end":{"line":10,"column":null}},"3":{"start":{"line":11,"column":1},"end":{"line":11,"column":null}},"4":{"start":{"line":9,"column":0},"end":{"line":9,"column":16}}},"fnMap":{"0":{"name":"toArray","decl":{"start":{"line":9,"column":16},"end":{"line":9,"column":23}},"loc":{"start":{"line":9,"column":41},"end":{"line":12,"column":1}}}},"branchMap":{"0":{"loc":{"start":{"line":10,"column":1},"end":{"line":10,"column":null}},"type":"if","locations":[{"start":{"line":10,"column":1},"end":{"line":10,"column":null}}]}},"s":{"0":1,"1":1,"2":1,"3":0,"4":1},"f":{"0":1},"b":{"0":[1]}}
,"C:\\RUIHUA\\npm\\rh-js-methods\\src\\array\\util.ts": {"path":"C:\\RUIHUA\\npm\\rh-js-methods\\src\\array\\util.ts","statementMap":{"0":{"start":{"line":8,"column":2},"end":{"line":8,"column":null}},"1":{"start":{"line":7,"column":0},"end":{"line":7,"column":16}},"2":{"start":{"line":18,"column":2},"end":{"line":18,"column":null}},"3":{"start":{"line":17,"column":0},"end":{"line":17,"column":16}},"4":{"start":{"line":29,"column":2},"end":{"line":29,"column":null}},"5":{"start":{"line":28,"column":0},"end":{"line":28,"column":16}},"6":{"start":{"line":39,"column":20},"end":{"line":39,"column":22}},"7":{"start":{"line":40,"column":2},"end":{"line":51,"column":null}},"8":{"start":{"line":41,"column":24},"end":{"line":41,"column":35}},"9":{"start":{"line":42,"column":12},"end":{"line":42,"column":13}},"10":{"start":{"line":43,"column":4},"end":{"line":50,"column":null}},"11":{"start":{"line":44,"column":6},"end":{"line":48,"column":null}},"12":{"start":{"line":45,"column":8},"end":{"line":45,"column":null}},"13":{"start":{"line":47,"column":8},"end":{"line":47,"column":null}},"14":{"start":{"line":49,"column":6},"end":{"line":49,"column":10}},"15":{"start":{"line":52,"column":2},"end":{"line":52,"column":null}},"16":{"start":{"line":38,"column":0},"end":{"line":38,"column":16}},"17":{"start":{"line":63,"column":2},"end":{"line":66,"column":null}},"18":{"start":{"line":64,"column":4},"end":{"line":64,"column":null}},"19":{"start":{"line":64,"column":25},"end":{"line":64,"column":null}},"20":{"start":{"line":65,"column":4},"end":{"line":65,"column":null}},"21":{"start":{"line":67,"column":2},"end":{"line":67,"column":null}},"22":{"start":{"line":62,"column":0},"end":{"line":62,"column":16}},"23":{"start":{"line":78,"column":22},"end":{"line":78,"column":38}},"24":{"start":{"line":79,"column":2},"end":{"line":79,"column":null}},"25":{"start":{"line":77,"column":0},"end":{"line":77,"column":16}},"26":{"start":{"line":95,"column":2},"end":{"line":95,"column":null}},"27":{"start":{"line":95,"column":16},"end":{"line":95,"column":null}},"28":{"start":{"line":96,"column":2},"end":{"line":96,"column":null}},"29":{"start":{"line":90,"column":0},"end":{"line":90,"column":16}},"30":{"start":{"line":107,"column":2},"end":{"line":107,"column":null}},"31":{"start":{"line":107,"column":13},"end":{"line":107,"column":null}},"32":{"start":{"line":108,"column":22},"end":{"line":108,"column":32}},"33":{"start":{"line":111,"column":2},"end":{"line":111,"column":null}},"34":{"start":{"line":111,"column":25},"end":{"line":111,"column":null}},"35":{"start":{"line":113,"column":2},"end":{"line":115,"column":null}},"36":{"start":{"line":114,"column":4},"end":{"line":114,"column":null}},"37":{"start":{"line":106,"column":0},"end":{"line":106,"column":16}}},"fnMap":{"0":{"name":"pick","decl":{"start":{"line":7,"column":16},"end":{"line":7,"column":20}},"loc":{"start":{"line":7,"column":33},"end":{"line":9,"column":1}}},"1":{"name":"unique","decl":{"start":{"line":17,"column":16},"end":{"line":17,"column":22}},"loc":{"start":{"line":17,"column":35},"end":{"line":19,"column":1}}},"2":{"name":"chunk","decl":{"start":{"line":28,"column":16},"end":{"line":28,"column":21}},"loc":{"start":{"line":28,"column":48},"end":{"line":30,"column":1}}},"3":{"name":"concat","decl":{"start":{"line":38,"column":16},"end":{"line":38,"column":22}},"loc":{"start":{"line":38,"column":38},"end":{"line":53,"column":1}}},"4":{"name":"drop","decl":{"start":{"line":62,"column":16},"end":{"line":62,"column":20}},"loc":{"start":{"line":62,"column":45},"end":{"line":68,"column":1}}},"5":{"name":"dropRight","decl":{"start":{"line":77,"column":16},"end":{"line":77,"column":25}},"loc":{"start":{"line":77,"column":45},"end":{"line":80,"column":1}}},"6":{"name":"fill","decl":{"start":{"line":90,"column":16},"end":{"line":90,"column":20}},"loc":{"start":{"line":93,"column":9},"end":{"line":97,"column":1}}},"7":{"name":"difference","decl":{"start":{"line":106,"column":16},"end":{"line":106,"column":26}},"loc":{"start":{"line":106,"column":65},"end":{"line":116,"column":1}}},"8":{"name":"(anonymous_8)","decl":{"start":{"line":113,"column":23},"end":{"line":113,"column":24}},"loc":{"start":{"line":113,"column":44},"end":{"line":115,"column":3}}}},"branchMap":{"0":{"loc":{"start":{"line":40,"column":2},"end":{"line":51,"column":null}},"type":"if","locations":[{"start":{"line":40,"column":2},"end":{"line":51,"column":null}}]},"1":{"loc":{"start":{"line":40,"column":6},"end":{"line":40,"column":29}},"type":"binary-expr","locations":[{"start":{"line":40,"column":6},"end":{"line":40,"column":10}},{"start":{"line":40,"column":14},"end":{"line":40,"column":29}}]},"2":{"loc":{"start":{"line":44,"column":6},"end":{"line":48,"column":null}},"type":"if","locations":[{"start":{"line":44,"column":6},"end":{"line":48,"column":null}},{"start":{"line":46,"column":13},"end":{"line":48,"column":null}}]},"3":{"loc":{"start":{"line":62,"column":24},"end":{"line":62,"column":38}},"type":"default-arg","locations":[{"start":{"line":62,"column":36},"end":{"line":62,"column":38}}]},"4":{"loc":{"start":{"line":62,"column":40},"end":{"line":62,"column":45}},"type":"default-arg","locations":[{"start":{"line":62,"column":44},"end":{"line":62,"column":45}}]},"5":{"loc":{"start":{"line":64,"column":4},"end":{"line":64,"column":null}},"type":"if","locations":[{"start":{"line":64,"column":4},"end":{"line":64,"column":null}}]},"6":{"loc":{"start":{"line":77,"column":40},"end":{"line":77,"column":45}},"type":"default-arg","locations":[{"start":{"line":77,"column":44},"end":{"line":77,"column":45}}]},"7":{"loc":{"start":{"line":78,"column":22},"end":{"line":78,"column":38}},"type":"binary-expr","locations":[{"start":{"line":78,"column":22},"end":{"line":78,"column":33}},{"start":{"line":78,"column":37},"end":{"line":78,"column":38}}]},"8":{"loc":{"start":{"line":93,"column":2},"end":{"line":93,"column":9}},"type":"default-arg","locations":[{"start":{"line":93,"column":8},"end":{"line":93,"column":9}}]},"9":{"loc":{"start":{"line":107,"column":2},"end":{"line":107,"column":null}},"type":"if","locations":[{"start":{"line":107,"column":2},"end":{"line":107,"column":null}}]},"10":{"loc":{"start":{"line":108,"column":22},"end":{"line":108,"column":32}},"type":"binary-expr","locations":[{"start":{"line":108,"column":22},"end":{"line":108,"column":26}},{"start":{"line":108,"column":30},"end":{"line":108,"column":32}}]},"11":{"loc":{"start":{"line":111,"column":2},"end":{"line":111,"column":null}},"type":"if","locations":[{"start":{"line":111,"column":2},"end":{"line":111,"column":null}}]}},"s":{"0":0,"1":1,"2":0,"3":1,"4":0,"5":1,"6":0,"7":0,"8":0,"9":0,"10":0,"11":0,"12":0,"13":0,"14":0,"15":0,"16":1,"17":0,"18":0,"19":0,"20":0,"21":0,"22":1,"23":0,"24":0,"25":1,"26":0,"27":0,"28":0,"29":1,"30":0,"31":0,"32":0,"33":0,"34":0,"35":0,"36":0,"37":1},"f":{"0":0,"1":0,"2":0,"3":0,"4":0,"5":0,"6":0,"7":0,"8":0},"b":{"0":[0],"1":[0,0],"2":[0,0],"3":[0],"4":[0],"5":[0],"6":[0],"7":[0,0],"8":[0],"9":[0],"10":[0,0],"11":[0]}}
,"C:\\RUIHUA\\npm\\rh-js-methods\\src\\array\\zip.ts": {"path":"C:\\RUIHUA\\npm\\rh-js-methods\\src\\array\\zip.ts","statementMap":{"0":{"start":{"line":1,"column":0},"end":{"line":1,"column":40}},"1":{"start":{"line":11,"column":21},"end":{"line":11,"column":34}},"2":{"start":{"line":12,"column":24},"end":{"line":12,"column":40}},"3":{"start":{"line":13,"column":23},"end":{"line":19,"column":4}},"4":{"start":{"line":16,"column":3},"end":{"line":16,"column":40}},"5":{"start":{"line":16,"column":34},"end":{"line":16,"column":40}},"6":{"start":{"line":17,"column":28},"end":{"line":17,"column":35}},"7":{"start":{"line":18,"column":3},"end":{"line":18,"column":null}},"8":{"start":{"line":21,"column":1},"end":{"line":21,"column":null}},"9":{"start":{"line":10,"column":0},"end":{"line":10,"column":16}},"10":{"start":{"line":27,"column":19},"end":{"line":27,"column":26}},"11":{"start":{"line":28,"column":1},"end":{"line":30,"column":null}},"12":{"start":{"line":28,"column":14},"end":{"line":28,"column":15}},"13":{"start":{"line":29,"column":2},"end":{"line":29,"column":null}},"14":{"start":{"line":31,"column":1},"end":{"line":31,"column":null}},"15":{"start":{"line":26,"column":0},"end":{"line":26,"column":16}}},"fnMap":{"0":{"name":"zip","decl":{"start":{"line":10,"column":16},"end":{"line":10,"column":19}},"loc":{"start":{"line":10,"column":39},"end":{"line":22,"column":1}}},"1":{"name":"(anonymous_1)","decl":{"start":{"line":15,"column":2},"end":{"line":15,"column":3}},"loc":{"start":{"line":15,"column":32},"end":{"line":19,"column":3}}},"2":{"name":"zipObject","decl":{"start":{"line":26,"column":16},"end":{"line":26,"column":25}},"loc":{"start":{"line":26,"column":70},"end":{"line":32,"column":1}}}},"branchMap":{"0":{"loc":{"start":{"line":16,"column":3},"end":{"line":16,"column":40}},"type":"if","locations":[{"start":{"line":16,"column":3},"end":{"line":16,"column":40}}]}},"s":{"0":1,"1":0,"2":0,"3":0,"4":0,"5":0,"6":0,"7":0,"8":0,"9":1,"10":0,"11":0,"12":0,"13":0,"14":0,"15":1},"f":{"0":0,"1":0,"2":0},"b":{"0":[0]}}
,"C:\\RUIHUA\\npm\\rh-js-methods\\src\\function\\loop.ts": {"path":"C:\\RUIHUA\\npm\\rh-js-methods\\src\\function\\loop.ts","statementMap":{"0":{"start":{"line":13,"column":21},"end":{"line":13,"column":23}},"1":{"start":{"line":14,"column":1},"end":{"line":24,"column":null}},"2":{"start":{"line":14,"column":14},"end":{"line":14,"column":15}},"3":{"start":{"line":16,"column":15},"end":{"line":16,"column":42}},"4":{"start":{"line":17,"column":2},"end":{"line":17,"column":null}},"5":{"start":{"line":19,"column":2},"end":{"line":21,"column":null}},"6":{"start":{"line":20,"column":3},"end":{"line":20,"column":null}},"7":{"start":{"line":25,"column":1},"end":{"line":25,"column":null}},"8":{"start":{"line":8,"column":0},"end":{"line":8,"column":16}},"9":{"start":{"line":41,"column":13},"end":{"line":41,"column":26}},"10":{"start":{"line":42,"column":1},"end":{"line":44,"column":null}},"11":{"start":{"line":43,"column":2},"end":{"line":43,"column":null}},"12":{"start":{"line":46,"column":1},"end":{"line":48,"column":null}},"13":{"start":{"line":47,"column":2},"end":{"line":47,"column":null}},"14":{"start":{"line":50,"column":28},"end":{"line":50,"column":34}},"15":{"start":{"line":52,"column":23},"end":{"line":52,"column":25}},"16":{"start":{"line":54,"column":1},"end":{"line":56,"column":null}},"17":{"start":{"line":54,"column":14},"end":{"line":54,"column":15}},"18":{"start":{"line":55,"column":2},"end":{"line":55,"column":null}},"19":{"start":{"line":58,"column":1},"end":{"line":58,"column":null}},"20":{"start":{"line":35,"column":0},"end":{"line":35,"column":16}},"21":{"start":{"line":72,"column":1},"end":{"line":76,"column":null}},"22":{"start":{"line":72,"column":14},"end":{"line":72,"column":15}},"23":{"start":{"line":73,"column":2},"end":{"line":75,"column":null}},"24":{"start":{"line":74,"column":3},"end":{"line":74,"column":null}},"25":{"start":{"line":78,"column":1},"end":{"line":78,"column":null}},"26":{"start":{"line":70,"column":0},"end":{"line":70,"column":16}}},"fnMap":{"0":{"name":"loop","decl":{"start":{"line":8,"column":16},"end":{"line":8,"column":20}},"loc":{"start":{"line":11,"column":23},"end":{"line":26,"column":1}}},"1":{"name":"loops","decl":{"start":{"line":35,"column":16},"end":{"line":35,"column":21}},"loc":{"start":{"line":38,"column":23},"end":{"line":60,"column":1}}},"2":{"name":"loopArray","decl":{"start":{"line":70,"column":16},"end":{"line":70,"column":25}},"loc":{"start":{"line":70,"column":92},"end":{"line":79,"column":1}}}},"branchMap":{"0":{"loc":{"start":{"line":11,"column":1},"end":{"line":11,"column":23}},"type":"default-arg","locations":[{"start":{"line":11,"column":21},"end":{"line":11,"column":23}}]},"1":{"loc":{"start":{"line":19,"column":2},"end":{"line":21,"column":null}},"type":"if","locations":[{"start":{"line":19,"column":2},"end":{"line":21,"column":null}}]},"2":{"loc":{"start":{"line":38,"column":1},"end":{"line":38,"column":23}},"type":"default-arg","locations":[{"start":{"line":38,"column":21},"end":{"line":38,"column":23}}]},"3":{"loc":{"start":{"line":42,"column":1},"end":{"line":44,"column":null}},"type":"if","locations":[{"start":{"line":42,"column":1},"end":{"line":44,"column":null}}]},"4":{"loc":{"start":{"line":46,"column":1},"end":{"line":48,"column":null}},"type":"if","locations":[{"start":{"line":46,"column":1},"end":{"line":48,"column":null}}]},"5":{"loc":{"start":{"line":73,"column":2},"end":{"line":75,"column":null}},"type":"if","locations":[{"start":{"line":73,"column":2},"end":{"line":75,"column":null}}]}},"s":{"0":0,"1":0,"2":0,"3":0,"4":0,"5":0,"6":0,"7":0,"8":1,"9":0,"10":0,"11":0,"12":0,"13":0,"14":0,"15":0,"16":0,"17":0,"18":0,"19":0,"20":1,"21":0,"22":0,"23":0,"24":0,"25":0,"26":1},"f":{"0":0,"1":0,"2":0},"b":{"0":[0],"1":[0],"2":[0],"3":[0],"4":[0],"5":[0]}}
,"C:\\RUIHUA\\npm\\rh-js-methods\\src\\number\\index.ts": {"path":"C:\\RUIHUA\\npm\\rh-js-methods\\src\\number\\index.ts","statementMap":{"0":{"start":{"line":1,"column":0},"end":{"line":1,"column":24}},"1":{"start":{"line":2,"column":0},"end":{"line":2,"column":25}},"2":{"start":{"line":3,"column":0},"end":{"line":3,"column":22}}},"fnMap":{},"branchMap":{},"s":{"0":1,"1":1,"2":1},"f":{},"b":{}}
,"C:\\RUIHUA\\npm\\rh-js-methods\\src\\number\\isFloat.ts": {"path":"C:\\RUIHUA\\npm\\rh-js-methods\\src\\number\\isFloat.ts","statementMap":{"0":{"start":{"line":8,"column":2},"end":{"line":8,"column":null}},"1":{"start":{"line":7,"column":0},"end":{"line":7,"column":16}}},"fnMap":{"0":{"name":"isFloat","decl":{"start":{"line":7,"column":16},"end":{"line":7,"column":23}},"loc":{"start":{"line":7,"column":35},"end":{"line":9,"column":1}}}},"branchMap":{},"s":{"0":0,"1":1},"f":{"0":0},"b":{}}
,"C:\\RUIHUA\\npm\\rh-js-methods\\src\\number\\random.ts": {"path":"C:\\RUIHUA\\npm\\rh-js-methods\\src\\number\\random.ts","statementMap":{"0":{"start":{"line":1,"column":0},"end":{"line":1,"column":35}},"1":{"start":{"line":2,"column":0},"end":{"line":2,"column":44}},"2":{"start":{"line":17,"column":1},"end":{"line":19,"column":null}},"3":{"start":{"line":18,"column":2},"end":{"line":18,"column":null}},"4":{"start":{"line":21,"column":1},"end":{"line":26,"column":null}},"5":{"start":{"line":22,"column":14},"end":{"line":22,"column":91}},"6":{"start":{"line":23,"column":2},"end":{"line":25,"column":null}},"7":{"start":{"line":24,"column":3},"end":{"line":24,"column":null}},"8":{"start":{"line":28,"column":24},"end":{"line":28,"column":63}},"9":{"start":{"line":30,"column":1},"end":{"line":30,"column":null}},"10":{"start":{"line":30,"column":15},"end":{"line":30,"column":null}},"11":{"start":{"line":31,"column":1},"end":{"line":31,"column":null}},"12":{"start":{"line":11,"column":0},"end":{"line":11,"column":16}}},"fnMap":{"0":{"name":"random","decl":{"start":{"line":11,"column":16},"end":{"line":11,"column":22}},"loc":{"start":{"line":14,"column":13},"end":{"line":32,"column":1}}}},"branchMap":{"0":{"loc":{"start":{"line":12,"column":1},"end":{"line":12,"column":10}},"type":"default-arg","locations":[{"start":{"line":12,"column":9},"end":{"line":12,"column":10}}]},"1":{"loc":{"start":{"line":13,"column":1},"end":{"line":13,"column":10}},"type":"default-arg","locations":[{"start":{"line":13,"column":9},"end":{"line":13,"column":10}}]},"2":{"loc":{"start":{"line":14,"column":1},"end":{"line":14,"column":13}},"type":"default-arg","locations":[{"start":{"line":14,"column":12},"end":{"line":14,"column":13}}]},"3":{"loc":{"start":{"line":17,"column":1},"end":{"line":19,"column":null}},"type":"if","locations":[{"start":{"line":17,"column":1},"end":{"line":19,"column":null}}]},"4":{"loc":{"start":{"line":17,"column":5},"end":{"line":17,"column":31}},"type":"binary-expr","locations":[{"start":{"line":17,"column":5},"end":{"line":17,"column":16}},{"start":{"line":17,"column":20},"end":{"line":17,"column":31}}]},"5":{"loc":{"start":{"line":21,"column":1},"end":{"line":26,"column":null}},"type":"if","locations":[{"start":{"line":21,"column":1},"end":{"line":26,"column":null}}]},"6":{"loc":{"start":{"line":21,"column":5},"end":{"line":21,"column":37}},"type":"binary-expr","locations":[{"start":{"line":21,"column":5},"end":{"line":21,"column":19}},{"start":{"line":21,"column":23},"end":{"line":21,"column":37}}]},"7":{"loc":{"start":{"line":22,"column":14},"end":{"line":22,"column":91}},"type":"cond-expr","locations":[{"start":{"line":22,"column":54},"end":{"line":22,"column":71}},{"start":{"line":22,"column":74},"end":{"line":22,"column":91}}]},"8":{"loc":{"start":{"line":23,"column":2},"end":{"line":25,"column":null}},"type":"if","locations":[{"start":{"line":23,"column":2},"end":{"line":25,"column":null}}]},"9":{"loc":{"start":{"line":30,"column":1},"end":{"line":30,"column":null}},"type":"if","locations":[{"start":{"line":30,"column":1},"end":{"line":30,"column":null}}]}},"s":{"0":1,"1":1,"2":0,"3":0,"4":0,"5":0,"6":0,"7":0,"8":0,"9":0,"10":0,"11":0,"12":1},"f":{"0":0},"b":{"0":[0],"1":[0],"2":[0],"3":[0],"4":[0,0],"5":[0],"6":[0,0],"7":[0,0],"8":[0],"9":[0]}}
,"C:\\RUIHUA\\npm\\rh-js-methods\\src\\number\\util.ts": {"path":"C:\\RUIHUA\\npm\\rh-js-methods\\src\\number\\util.ts","statementMap":{"0":{"start":{"line":1,"column":0},"end":{"line":1,"column":30}},"1":{"start":{"line":2,"column":0},"end":{"line":2,"column":77}},"2":{"start":{"line":3,"column":0},"end":{"line":3,"column":35}},"3":{"start":{"line":14,"column":2},"end":{"line":16,"column":null}},"4":{"start":{"line":15,"column":4},"end":{"line":15,"column":null}},"5":{"start":{"line":18,"column":27},"end":{"line":18,"column":43}},"6":{"start":{"line":19,"column":14},"end":{"line":19,"column":29}},"7":{"start":{"line":21,"column":2},"end":{"line":23,"column":null}},"8":{"start":{"line":22,"column":4},"end":{"line":22,"column":null}},"9":{"start":{"line":25,"column":2},"end":{"line":27,"column":null}},"10":{"start":{"line":26,"column":4},"end":{"line":26,"column":null}},"11":{"start":{"line":29,"column":2},"end":{"line":29,"column":null}},"12":{"start":{"line":13,"column":0},"end":{"line":13,"column":16}},"13":{"start":{"line":39,"column":2},"end":{"line":39,"column":null}},"14":{"start":{"line":38,"column":0},"end":{"line":38,"column":16}},"15":{"start":{"line":49,"column":2},"end":{"line":52,"column":null}},"16":{"start":{"line":50,"column":4},"end":{"line":50,"column":null}},"17":{"start":{"line":50,"column":47},"end":{"line":50,"column":null}},"18":{"start":{"line":51,"column":4},"end":{"line":51,"column":null}},"19":{"start":{"line":53,"column":2},"end":{"line":53,"column":null}},"20":{"start":{"line":48,"column":0},"end":{"line":48,"column":16}},"21":{"start":{"line":64,"column":2},"end":{"line":68,"column":null}},"22":{"start":{"line":65,"column":4},"end":{"line":65,"column":null}},"23":{"start":{"line":65,"column":28},"end":{"line":65,"column":null}},"24":{"start":{"line":66,"column":4},"end":{"line":66,"column":null}},"25":{"start":{"line":66,"column":29},"end":{"line":66,"column":null}},"26":{"start":{"line":67,"column":4},"end":{"line":67,"column":null}},"27":{"start":{"line":69,"column":17},"end":{"line":69,"column":23}},"28":{"start":{"line":70,"column":2},"end":{"line":72,"column":null}},"29":{"start":{"line":71,"column":4},"end":{"line":71,"column":null}},"30":{"start":{"line":73,"column":2},"end":{"line":73,"column":null}},"31":{"start":{"line":63,"column":0},"end":{"line":63,"column":16}},"32":{"start":{"line":85,"column":2},"end":{"line":85,"column":null}},"33":{"start":{"line":84,"column":0},"end":{"line":84,"column":16}},"34":{"start":{"line":95,"column":2},"end":{"line":95,"column":null}},"35":{"start":{"line":95,"column":21},"end":{"line":95,"column":null}},"36":{"start":{"line":96,"column":2},"end":{"line":96,"column":null}},"37":{"start":{"line":94,"column":0},"end":{"line":94,"column":16}},"38":{"start":{"line":107,"column":2},"end":{"line":107,"column":null}},"39":{"start":{"line":107,"column":19},"end":{"line":107,"column":null}},"40":{"start":{"line":108,"column":2},"end":{"line":108,"column":null}},"41":{"start":{"line":108,"column":19},"end":{"line":108,"column":null}},"42":{"start":{"line":109,"column":2},"end":{"line":109,"column":null}},"43":{"start":{"line":106,"column":0},"end":{"line":106,"column":16}},"44":{"start":{"line":123,"column":2},"end":{"line":123,"column":null}},"45":{"start":{"line":123,"column":19},"end":{"line":123,"column":null}},"46":{"start":{"line":124,"column":2},"end":{"line":124,"column":null}},"47":{"start":{"line":124,"column":17},"end":{"line":124,"column":null}},"48":{"start":{"line":125,"column":2},"end":{"line":125,"column":null}},"49":{"start":{"line":125,"column":19},"end":{"line":125,"column":null}},"50":{"start":{"line":126,"column":2},"end":{"line":126,"column":null}},"51":{"start":{"line":122,"column":0},"end":{"line":122,"column":16}},"52":{"start":{"line":138,"column":2},"end":{"line":138,"column":null}},"53":{"start":{"line":138,"column":19},"end":{"line":138,"column":null}},"54":{"start":{"line":139,"column":2},"end":{"line":139,"column":null}},"55":{"start":{"line":139,"column":18},"end":{"line":139,"column":null}},"56":{"start":{"line":140,"column":2},"end":{"line":140,"column":null}},"57":{"start":{"line":140,"column":19},"end":{"line":140,"column":null}},"58":{"start":{"line":141,"column":2},"end":{"line":141,"column":null}},"59":{"start":{"line":137,"column":0},"end":{"line":137,"column":16}},"60":{"start":{"line":152,"column":2},"end":{"line":152,"column":null}},"61":{"start":{"line":152,"column":14},"end":{"line":152,"column":null}},"62":{"start":{"line":153,"column":2},"end":{"line":153,"column":null}},"63":{"start":{"line":151,"column":0},"end":{"line":151,"column":16}},"64":{"start":{"line":163,"column":2},"end":{"line":163,"column":null}},"65":{"start":{"line":162,"column":0},"end":{"line":162,"column":16}}},"fnMap":{"0":{"name":"spLength","decl":{"start":{"line":13,"column":16},"end":{"line":13,"column":24}},"loc":{"start":{"line":13,"column":69},"end":{"line":30,"column":1}}},"1":{"name":"isNumber","decl":{"start":{"line":38,"column":16},"end":{"line":38,"column":24}},"loc":{"start":{"line":38,"column":35},"end":{"line":40,"column":1}}},"2":{"name":"isEffectNumber","decl":{"start":{"line":48,"column":16},"end":{"line":48,"column":30}},"loc":{"start":{"line":48,"column":39},"end":{"line":54,"column":1}}},"3":{"name":"toNumber","decl":{"start":{"line":63,"column":16},"end":{"line":63,"column":24}},"loc":{"start":{"line":63,"column":35},"end":{"line":74,"column":1}}},"4":{"name":"toFloat","decl":{"start":{"line":84,"column":16},"end":{"line":84,"column":23}},"loc":{"start":{"line":84,"column":54},"end":{"line":86,"column":1}}},"5":{"name":"getDecimal","decl":{"start":{"line":94,"column":16},"end":{"line":94,"column":26}},"loc":{"start":{"line":94,"column":38},"end":{"line":97,"column":1}}},"6":{"name":"clamp","decl":{"start":{"line":106,"column":16},"end":{"line":106,"column":21}},"loc":{"start":{"line":106,"column":86},"end":{"line":110,"column":1}}},"7":{"name":"inRange","decl":{"start":{"line":122,"column":16},"end":{"line":122,"column":23}},"loc":{"start":{"line":122,"column":79},"end":{"line":127,"column":1}}},"8":{"name":"between","decl":{"start":{"line":137,"column":16},"end":{"line":137,"column":23}},"loc":{"start":{"line":137,"column":79},"end":{"line":142,"column":1}}},"9":{"name":"round","decl":{"start":{"line":151,"column":16},"end":{"line":151,"column":21}},"loc":{"start":{"line":151,"column":43},"end":{"line":154,"column":1}}},"10":{"name":"toThousands","decl":{"start":{"line":162,"column":16},"end":{"line":162,"column":27}},"loc":{"start":{"line":162,"column":48},"end":{"line":164,"column":1}}}},"branchMap":{"0":{"loc":{"start":{"line":13,"column":49},"end":{"line":13,"column":56}},"type":"default-arg","locations":[{"start":{"line":13,"column":55},"end":{"line":13,"column":56}}]},"1":{"loc":{"start":{"line":14,"column":2},"end":{"line":16,"column":null}},"type":"if","locations":[{"start":{"line":14,"column":2},"end":{"line":16,"column":null}}]},"2":{"loc":{"start":{"line":21,"column":2},"end":{"line":23,"column":null}},"type":"if","locations":[{"start":{"line":21,"column":2},"end":{"line":23,"column":null}}]},"3":{"loc":{"start":{"line":25,"column":2},"end":{"line":27,"column":null}},"type":"if","locations":[{"start":{"line":25,"column":2},"end":{"line":27,"column":null}}]},"4":{"loc":{"start":{"line":39,"column":9},"end":{"line":39,"column":62}},"type":"binary-expr","locations":[{"start":{"line":39,"column":9},"end":{"line":39,"column":33}},{"start":{"line":39,"column":37},"end":{"line":39,"column":62}}]},"5":{"loc":{"start":{"line":49,"column":2},"end":{"line":52,"column":null}},"type":"if","locations":[{"start":{"line":49,"column":2},"end":{"line":52,"column":null}}]},"6":{"loc":{"start":{"line":50,"column":4},"end":{"line":50,"column":null}},"type":"if","locations":[{"start":{"line":50,"column":4},"end":{"line":50,"column":null}}]},"7":{"loc":{"start":{"line":50,"column":8},"end":{"line":50,"column":45}},"type":"binary-expr","locations":[{"start":{"line":50,"column":8},"end":{"line":50,"column":24}},{"start":{"line":50,"column":28},"end":{"line":50,"column":45}}]},"8":{"loc":{"start":{"line":64,"column":2},"end":{"line":68,"column":null}},"type":"if","locations":[{"start":{"line":64,"column":2},"end":{"line":68,"column":null}}]},"9":{"loc":{"start":{"line":65,"column":4},"end":{"line":65,"column":null}},"type":"if","locations":[{"start":{"line":65,"column":4},"end":{"line":65,"column":null}}]},"10":{"loc":{"start":{"line":66,"column":4},"end":{"line":66,"column":null}},"type":"if","locations":[{"start":{"line":66,"column":4},"end":{"line":66,"column":null}}]},"11":{"loc":{"start":{"line":70,"column":2},"end":{"line":72,"column":null}},"type":"if","locations":[{"start":{"line":70,"column":2},"end":{"line":72,"column":null}}]},"12":{"loc":{"start":{"line":84,"column":37},"end":{"line":84,"column":54}},"type":"default-arg","locations":[{"start":{"line":84,"column":53},"end":{"line":84,"column":54}}]},"13":{"loc":{"start":{"line":95,"column":2},"end":{"line":95,"column":null}},"type":"if","locations":[{"start":{"line":95,"column":2},"end":{"line":95,"column":null}}]},"14":{"loc":{"start":{"line":106,"column":35},"end":{"line":106,"column":60}},"type":"default-arg","locations":[{"start":{"line":106,"column":51},"end":{"line":106,"column":60}}]},"15":{"loc":{"start":{"line":106,"column":62},"end":{"line":106,"column":86}},"type":"default-arg","locations":[{"start":{"line":106,"column":78},"end":{"line":106,"column":86}}]},"16":{"loc":{"start":{"line":107,"column":2},"end":{"line":107,"column":null}},"type":"if","locations":[{"start":{"line":107,"column":2},"end":{"line":107,"column":null}}]},"17":{"loc":{"start":{"line":108,"column":2},"end":{"line":108,"column":null}},"type":"if","locations":[{"start":{"line":108,"column":2},"end":{"line":108,"column":null}}]},"18":{"loc":{"start":{"line":122,"column":37},"end":{"line":122,"column":46}},"type":"default-arg","locations":[{"start":{"line":122,"column":45},"end":{"line":122,"column":46}}]},"19":{"loc":{"start":{"line":122,"column":48},"end":{"line":122,"column":79}},"type":"default-arg","locations":[{"start":{"line":122,"column":62},"end":{"line":122,"column":79}}]},"20":{"loc":{"start":{"line":123,"column":2},"end":{"line":123,"column":null}},"type":"if","locations":[{"start":{"line":123,"column":2},"end":{"line":123,"column":null}}]},"21":{"loc":{"start":{"line":124,"column":2},"end":{"line":124,"column":null}},"type":"if","locations":[{"start":{"line":124,"column":2},"end":{"line":124,"column":null}}]},"22":{"loc":{"start":{"line":125,"column":2},"end":{"line":125,"column":null}},"type":"if","locations":[{"start":{"line":125,"column":2},"end":{"line":125,"column":null}}]},"23":{"loc":{"start":{"line":137,"column":37},"end":{"line":137,"column":46}},"type":"default-arg","locations":[{"start":{"line":137,"column":45},"end":{"line":137,"column":46}}]},"24":{"loc":{"start":{"line":137,"column":48},"end":{"line":137,"column":79}},"type":"default-arg","locations":[{"start":{"line":137,"column":62},"end":{"line":137,"column":79}}]},"25":{"loc":{"start":{"line":138,"column":2},"end":{"line":138,"column":null}},"type":"if","locations":[{"start":{"line":138,"column":2},"end":{"line":138,"column":null}}]},"26":{"loc":{"start":{"line":139,"column":2},"end":{"line":139,"column":null}},"type":"if","locations":[{"start":{"line":139,"column":2},"end":{"line":139,"column":null}}]},"27":{"loc":{"start":{"line":140,"column":2},"end":{"line":140,"column":null}},"type":"if","locations":[{"start":{"line":140,"column":2},"end":{"line":140,"column":null}}]},"28":{"loc":{"start":{"line":151,"column":38},"end":{"line":151,"column":43}},"type":"default-arg","locations":[{"start":{"line":151,"column":42},"end":{"line":151,"column":43}}]},"29":{"loc":{"start":{"line":152,"column":2},"end":{"line":152,"column":null}},"type":"if","locations":[{"start":{"line":152,"column":2},"end":{"line":152,"column":null}}]}},"s":{"0":1,"1":1,"2":1,"3":0,"4":0,"5":0,"6":0,"7":0,"8":0,"9":0,"10":0,"11":0,"12":1,"13":0,"14":1,"15":0,"16":0,"17":0,"18":0,"19":0,"20":1,"21":0,"22":0,"23":0,"24":0,"25":0,"26":0,"27":0,"28":0,"29":0,"30":0,"31":1,"32":0,"33":1,"34":0,"35":0,"36":0,"37":1,"38":0,"39":0,"40":0,"41":0,"42":0,"43":1,"44":0,"45":0,"46":0,"47":0,"48":0,"49":0,"50":0,"51":1,"52":0,"53":0,"54":0,"55":0,"56":0,"57":0,"58":0,"59":1,"60":0,"61":0,"62":0,"63":1,"64":0,"65":1},"f":{"0":0,"1":0,"2":0,"3":0,"4":0,"5":0,"6":0,"7":0,"8":0,"9":0,"10":0},"b":{"0":[0],"1":[0],"2":[0],"3":[0],"4":[0,0],"5":[0],"6":[0],"7":[0,0],"8":[0],"9":[0],"10":[0],"11":[0],"12":[0],"13":[0],"14":[0],"15":[0],"16":[0],"17":[0],"18":[0],"19":[0],"20":[0],"21":[0],"22":[0],"23":[0],"24":[0],"25":[0],"26":[0],"27":[0],"28":[0],"29":[0]}}
,"C:\\RUIHUA\\npm\\rh-js-methods\\src\\object\\existKeys.ts": {"path":"C:\\RUIHUA\\npm\\rh-js-methods\\src\\object\\existKeys.ts","statementMap":{"0":{"start":{"line":1,"column":0},"end":{"line":1,"column":43}},"1":{"start":{"line":13,"column":27},"end":{"line":13,"column":43}},"2":{"start":{"line":14,"column":1},"end":{"line":14,"column":null}},"3":{"start":{"line":16,"column":1},"end":{"line":18,"column":null}},"4":{"start":{"line":16,"column":14},"end":{"line":16,"column":15}},"5":{"start":{"line":17,"column":2},"end":{"line":17,"column":null}},"6":{"start":{"line":17,"column":33},"end":{"line":17,"column":null}},"7":{"start":{"line":19,"column":1},"end":{"line":19,"column":null}},"8":{"start":{"line":12,"column":0},"end":{"line":12,"column":16}}},"fnMap":{"0":{"name":"existKeys","decl":{"start":{"line":12,"column":16},"end":{"line":12,"column":25}},"loc":{"start":{"line":12,"column":63},"end":{"line":20,"column":1}}}},"branchMap":{"0":{"loc":{"start":{"line":17,"column":2},"end":{"line":17,"column":null}},"type":"if","locations":[{"start":{"line":17,"column":2},"end":{"line":17,"column":null}}]}},"s":{"0":1,"1":0,"2":0,"3":0,"4":0,"5":0,"6":0,"7":0,"8":1},"f":{"0":0},"b":{"0":[0]}}
,"C:\\RUIHUA\\npm\\rh-js-methods\\src\\object\\index.ts": {"path":"C:\\RUIHUA\\npm\\rh-js-methods\\src\\object\\index.ts","statementMap":{"0":{"start":{"line":1,"column":0},"end":{"line":1,"column":30}},"1":{"start":{"line":2,"column":0},"end":{"line":2,"column":27}},"2":{"start":{"line":3,"column":0},"end":{"line":3,"column":22}},"3":{"start":{"line":12,"column":1},"end":{"line":12,"column":null}},"4":{"start":{"line":11,"column":0},"end":{"line":11,"column":16}},"5":{"start":{"line":24,"column":1},"end":{"line":26,"column":null}},"6":{"start":{"line":25,"column":16},"end":{"line":25,"column":80}},"7":{"start":{"line":23,"column":0},"end":{"line":23,"column":16}}},"fnMap":{"0":{"name":"isObject","decl":{"start":{"line":11,"column":16},"end":{"line":11,"column":24}},"loc":{"start":{"line":11,"column":35},"end":{"line":13,"column":1}}},"1":{"name":"serialize","decl":{"start":{"line":23,"column":16},"end":{"line":23,"column":25}},"loc":{"start":{"line":23,"column":102},"end":{"line":27,"column":1}}},"2":{"name":"(anonymous_6)","decl":{"start":{"line":25,"column":7},"end":{"line":25,"column":8}},"loc":{"start":{"line":25,"column":16},"end":{"line":25,"column":80}}}},"branchMap":{"0":{"loc":{"start":{"line":12,"column":8},"end":{"line":12,"column":61}},"type":"binary-expr","locations":[{"start":{"line":12,"column":8},"end":{"line":12,"column":32}},{"start":{"line":12,"column":36},"end":{"line":12,"column":61}}]},"1":{"loc":{"start":{"line":23,"column":88},"end":{"line":23,"column":102}},"type":"default-arg","locations":[{"start":{"line":23,"column":97},"end":{"line":23,"column":102}}]},"2":{"loc":{"start":{"line":25,"column":26},"end":{"line":25,"column":78}},"type":"cond-expr","locations":[{"start":{"line":25,"column":35},"end":{"line":25,"column":65}},{"start":{"line":25,"column":68},"end":{"line":25,"column":78}}]}},"s":{"0":1,"1":1,"2":1,"3":0,"4":1,"5":0,"6":0,"7":1},"f":{"0":0,"1":0,"2":0},"b":{"0":[0,0],"1":[0],"2":[0,0]}}
,"C:\\RUIHUA\\npm\\rh-js-methods\\src\\object\\omit.ts": {"path":"C:\\RUIHUA\\npm\\rh-js-methods\\src\\object\\omit.ts","statementMap":{"0":{"start":{"line":9,"column":1},"end":{"line":11,"column":null}},"1":{"start":{"line":10,"column":2},"end":{"line":10,"column":null}},"2":{"start":{"line":12,"column":1},"end":{"line":12,"column":null}},"3":{"start":{"line":8,"column":0},"end":{"line":8,"column":16}}},"fnMap":{"0":{"name":"omitRecord","decl":{"start":{"line":8,"column":16},"end":{"line":8,"column":26}},"loc":{"start":{"line":8,"column":115},"end":{"line":13,"column":1}}},"1":{"name":"(anonymous_1)","decl":{"start":{"line":9,"column":19},"end":{"line":9,"column":27}},"loc":{"start":{"line":9,"column":30},"end":{"line":11,"column":2}}}},"branchMap":{"0":{"loc":{"start":{"line":8,"column":91},"end":{"line":8,"column":115}},"type":"default-arg","locations":[{"start":{"line":8,"column":113},"end":{"line":8,"column":115}}]},"1":{"loc":{"start":{"line":10,"column":2},"end":{"line":10,"column":45}},"type":"binary-expr","locations":[{"start":{"line":10,"column":2},"end":{"line":10,"column":18}},{"start":{"line":10,"column":22},"end":{"line":10,"column":45}}]}},"s":{"0":0,"1":0,"2":0,"3":1},"f":{"0":0,"1":0},"b":{"0":[0],"1":[0,0]}}
,"C:\\RUIHUA\\npm\\rh-js-methods\\src\\util\\ban.ts": {"path":"C:\\RUIHUA\\npm\\rh-js-methods\\src\\util\\ban.ts","statementMap":{"0":{"start":{"line":26,"column":43},"end":{"line":26,"column":49}},"1":{"start":{"line":27,"column":1},"end":{"line":27,"column":null}},"2":{"start":{"line":27,"column":18},"end":{"line":27,"column":null}},"3":{"start":{"line":28,"column":1},"end":{"line":28,"column":null}},"4":{"start":{"line":28,"column":16},"end":{"line":28,"column":null}},"5":{"start":{"line":29,"column":16},"end":{"line":29,"column":17}},"6":{"start":{"line":30,"column":1},"end":{"line":40,"column":null}},"7":{"start":{"line":31,"column":2},"end":{"line":31,"column":null}},"8":{"start":{"line":31,"column":24},"end":{"line":31,"column":null}},"9":{"start":{"line":32,"column":20},"end":{"line":32,"column":30}},"10":{"start":{"line":33,"column":17},"end":{"line":33,"column":30}},"11":{"start":{"line":34,"column":2},"end":{"line":36,"column":null}},"12":{"start":{"line":35,"column":3},"end":{"line":35,"column":null}},"13":{"start":{"line":37,"column":2},"end":{"line":37,"column":13}},"14":{"start":{"line":39,"column":2},"end":{"line":39,"column":null}},"15":{"start":{"line":22,"column":0},"end":{"line":22,"column":16}},"16":{"start":{"line":53,"column":43},"end":{"line":53,"column":49}},"17":{"start":{"line":54,"column":1},"end":{"line":54,"column":null}},"18":{"start":{"line":54,"column":18},"end":{"line":54,"column":null}},"19":{"start":{"line":55,"column":1},"end":{"line":55,"column":null}},"20":{"start":{"line":55,"column":16},"end":{"line":55,"column":null}},"21":{"start":{"line":56,"column":16},"end":{"line":56,"column":17}},"22":{"start":{"line":58,"column":1},"end":{"line":68,"column":null}},"23":{"start":{"line":59,"column":2},"end":{"line":59,"column":null}},"24":{"start":{"line":59,"column":24},"end":{"line":59,"column":null}},"25":{"start":{"line":60,"column":20},"end":{"line":60,"column":30}},"26":{"start":{"line":61,"column":17},"end":{"line":61,"column":36}},"27":{"start":{"line":62,"column":2},"end":{"line":64,"column":null}},"28":{"start":{"line":63,"column":3},"end":{"line":63,"column":null}},"29":{"start":{"line":65,"column":2},"end":{"line":65,"column":13}},"30":{"start":{"line":67,"column":2},"end":{"line":67,"column":null}},"31":{"start":{"line":49,"column":0},"end":{"line":49,"column":16}},"32":{"start":{"line":81,"column":1},"end":{"line":87,"column":null}},"33":{"start":{"line":82,"column":2},"end":{"line":86,"column":null}},"34":{"start":{"line":83,"column":3},"end":{"line":83,"column":null}},"35":{"start":{"line":85,"column":3},"end":{"line":85,"column":null}},"36":{"start":{"line":77,"column":0},"end":{"line":77,"column":16}},"37":{"start":{"line":101,"column":1},"end":{"line":107,"column":null}},"38":{"start":{"line":102,"column":2},"end":{"line":106,"column":null}},"39":{"start":{"line":103,"column":3},"end":{"line":103,"column":null}},"40":{"start":{"line":105,"column":3},"end":{"line":105,"column":null}},"41":{"start":{"line":97,"column":0},"end":{"line":97,"column":16}}},"fnMap":{"0":{"name":"ban","decl":{"start":{"line":22,"column":16},"end":{"line":22,"column":19}},"loc":{"start":{"line":24,"column":18},"end":{"line":41,"column":1}}},"1":{"name":"(anonymous_1)","decl":{"start":{"line":30,"column":8},"end":{"line":30,"column":18}},"loc":{"start":{"line":30,"column":33},"end":{"line":40,"column":2}}},"2":{"name":"asyncBan","decl":{"start":{"line":49,"column":16},"end":{"line":49,"column":24}},"loc":{"start":{"line":51,"column":18},"end":{"line":69,"column":1}}},"3":{"name":"(anonymous_3)","decl":{"start":{"line":58,"column":8},"end":{"line":58,"column":13}},"loc":{"start":{"line":58,"column":39},"end":{"line":68,"column":2}}},"4":{"name":"catchError","decl":{"start":{"line":77,"column":16},"end":{"line":77,"column":26}},"loc":{"start":{"line":79,"column":25},"end":{"line":88,"column":1}}},"5":{"name":"(anonymous_5)","decl":{"start":{"line":81,"column":8},"end":{"line":81,"column":18}},"loc":{"start":{"line":81,"column":33},"end":{"line":87,"column":2}}},"6":{"name":"asyncCatchError","decl":{"start":{"line":97,"column":16},"end":{"line":97,"column":31}},"loc":{"start":{"line":99,"column":25},"end":{"line":108,"column":1}}},"7":{"name":"(anonymous_7)","decl":{"start":{"line":101,"column":8},"end":{"line":101,"column":13}},"loc":{"start":{"line":101,"column":36},"end":{"line":107,"column":2}}}},"branchMap":{"0":{"loc":{"start":{"line":26,"column":7},"end":{"line":26,"column":21}},"type":"default-arg","locations":[{"start":{"line":26,"column":17},"end":{"line":26,"column":21}}]},"1":{"loc":{"start":{"line":26,"column":23},"end":{"line":26,"column":38}},"type":"default-arg","locations":[{"start":{"line":26,"column":31},"end":{"line":26,"column":38}}]},"2":{"loc":{"start":{"line":27,"column":1},"end":{"line":27,"column":null}},"type":"if","locations":[{"start":{"line":27,"column":1},"end":{"line":27,"column":null}}]},"3":{"loc":{"start":{"line":28,"column":1},"end":{"line":28,"column":null}},"type":"if","locations":[{"start":{"line":28,"column":1},"end":{"line":28,"column":null}}]},"4":{"loc":{"start":{"line":31,"column":2},"end":{"line":31,"column":null}},"type":"if","locations":[{"start":{"line":31,"column":2},"end":{"line":31,"column":null}}]},"5":{"loc":{"start":{"line":34,"column":2},"end":{"line":36,"column":null}},"type":"if","locations":[{"start":{"line":34,"column":2},"end":{"line":36,"column":null}}]},"6":{"loc":{"start":{"line":53,"column":7},"end":{"line":53,"column":21}},"type":"default-arg","locations":[{"start":{"line":53,"column":17},"end":{"line":53,"column":21}}]},"7":{"loc":{"start":{"line":53,"column":23},"end":{"line":53,"column":38}},"type":"default-arg","locations":[{"start":{"line":53,"column":31},"end":{"line":53,"column":38}}]},"8":{"loc":{"start":{"line":54,"column":1},"end":{"line":54,"column":null}},"type":"if","locations":[{"start":{"line":54,"column":1},"end":{"line":54,"column":null}}]},"9":{"loc":{"start":{"line":55,"column":1},"end":{"line":55,"column":null}},"type":"if","locations":[{"start":{"line":55,"column":1},"end":{"line":55,"column":null}}]},"10":{"loc":{"start":{"line":59,"column":2},"end":{"line":59,"column":null}},"type":"if","locations":[{"start":{"line":59,"column":2},"end":{"line":59,"column":null}}]},"11":{"loc":{"start":{"line":62,"column":2},"end":{"line":64,"column":null}},"type":"if","locations":[{"start":{"line":62,"column":2},"end":{"line":64,"column":null}}]}},"s":{"0":0,"1":0,"2":0,"3":0,"4":0,"5":0,"6":0,"7":0,"8":0,"9":0,"10":0,"11":0,"12":0,"13":0,"14":0,"15":1,"16":0,"17":0,"18":0,"19":0,"20":0,"21":0,"22":0,"23":0,"24":0,"25":0,"26":0,"27":0,"28":0,"29":0,"30":0,"31":1,"32":0,"33":0,"34":0,"35":0,"36":1,"37":0,"38":0,"39":0,"40":0,"41":1},"f":{"0":0,"1":0,"2":0,"3":0,"4":0,"5":0,"6":0,"7":0},"b":{"0":[0],"1":[0],"2":[0],"3":[0],"4":[0],"5":[0],"6":[0],"7":[0],"8":[0],"9":[0],"10":[0],"11":[0]}}
,"C:\\RUIHUA\\npm\\rh-js-methods\\src\\util\\deepClone.ts": {"path":"C:\\RUIHUA\\npm\\rh-js-methods\\src\\util\\deepClone.ts","statementMap":{"0":{"start":{"line":1,"column":0},"end":{"line":1,"column":29}},"1":{"start":{"line":4,"column":2},"end":{"line":22,"column":null}},"2":{"start":{"line":11,"column":23},"end":{"line":11,"column":46}},"3":{"start":{"line":12,"column":6},"end":{"line":16,"column":null}},"4":{"start":{"line":13,"column":8},"end":{"line":15,"column":null}},"5":{"start":{"line":14,"column":10},"end":{"line":14,"column":57}},"6":{"start":{"line":17,"column":6},"end":{"line":17,"column":null}},"7":{"start":{"line":20,"column":6},"end":{"line":20,"column":null}},"8":{"start":{"line":23,"column":2},"end":{"line":23,"column":null}},"9":{"start":{"line":28,"column":2},"end":{"line":28,"column":null}},"10":{"start":{"line":27,"column":0},"end":{"line":27,"column":16}}},"fnMap":{"0":{"name":"deepClonePredicate","decl":{"start":{"line":3,"column":9},"end":{"line":3,"column":27}},"loc":{"start":{"line":3,"column":38},"end":{"line":24,"column":1}}},"1":{"name":"deepClone","decl":{"start":{"line":27,"column":16},"end":{"line":27,"column":25}},"loc":{"start":{"line":27,"column":36},"end":{"line":29,"column":1}}}},"branchMap":{"0":{"loc":{"start":{"line":4,"column":2},"end":{"line":22,"column":null}},"type":"switch","locations":[{"start":{"line":5,"column":4},"end":{"line":5,"column":18}},{"start":{"line":6,"column":4},"end":{"line":6,"column":20}},{"start":{"line":7,"column":4},"end":{"line":7,"column":25}},{"start":{"line":8,"column":4},"end":{"line":8,"column":29}},{"start":{"line":9,"column":4},"end":{"line":9,"column":17}},{"start":{"line":10,"column":4},"end":{"line":18,"column":null}},{"start":{"line":19,"column":4},"end":{"line":21,"column":null}}]},"1":{"loc":{"start":{"line":13,"column":8},"end":{"line":15,"column":null}},"type":"if","locations":[{"start":{"line":13,"column":8},"end":{"line":15,"column":null}}]}},"s":{"0":1,"1":0,"2":0,"3":0,"4":0,"5":0,"6":0,"7":0,"8":0,"9":0,"10":1},"f":{"0":0,"1":0},"b":{"0":[0,0,0,0,0,0,0],"1":[0]}}
,"C:\\RUIHUA\\npm\\rh-js-methods\\src\\util\\error.ts": {"path":"C:\\RUIHUA\\npm\\rh-js-methods\\src\\util\\error.ts","statementMap":{"0":{"start":{"line":13,"column":1},"end":{"line":19,"column":null}},"1":{"start":{"line":14,"column":2},"end":{"line":18,"column":null}},"2":{"start":{"line":15,"column":3},"end":{"line":15,"column":null}},"3":{"start":{"line":17,"column":3},"end":{"line":17,"column":null}},"4":{"start":{"line":9,"column":0},"end":{"line":9,"column":16}},"5":{"start":{"line":34,"column":1},"end":{"line":40,"column":null}},"6":{"start":{"line":35,"column":2},"end":{"line":39,"column":null}},"7":{"start":{"line":36,"column":3},"end":{"line":36,"column":null}},"8":{"start":{"line":38,"column":3},"end":{"line":38,"column":null}},"9":{"start":{"line":30,"column":0},"end":{"line":30,"column":16}}},"fnMap":{"0":{"name":"throwError","decl":{"start":{"line":9,"column":16},"end":{"line":9,"column":26}},"loc":{"start":{"line":11,"column":17},"end":{"line":20,"column":1}}},"1":{"name":"(anonymous_1)","decl":{"start":{"line":13,"column":8},"end":{"line":13,"column":18}},"loc":{"start":{"line":13,"column":33},"end":{"line":19,"column":2}}},"2":{"name":"asyncThrowError","decl":{"start":{"line":30,"column":16},"end":{"line":30,"column":31}},"loc":{"start":{"line":32,"column":17},"end":{"line":41,"column":1}}},"3":{"name":"(anonymous_3)","decl":{"start":{"line":34,"column":8},"end":{"line":34,"column":13}},"loc":{"start":{"line":34,"column":39},"end":{"line":40,"column":2}}}},"branchMap":{},"s":{"0":0,"1":0,"2":0,"3":0,"4":1,"5":0,"6":0,"7":0,"8":0,"9":1},"f":{"0":0,"1":0,"2":0,"3":0},"b":{}}
,"C:\\RUIHUA\\npm\\rh-js-methods\\src\\util\\index.ts": {"path":"C:\\RUIHUA\\npm\\rh-js-methods\\src\\util\\index.ts","statementMap":{"0":{"start":{"line":1,"column":0},"end":{"line":1,"column":9}},"1":{"start":{"line":3,"column":9},"end":{"line":1,"column":15}},"2":{"start":{"line":3,"column":15},"end":{"line":1,"column":36}},"3":{"start":{"line":4,"column":0},"end":{"line":4,"column":28}},"4":{"start":{"line":5,"column":0},"end":{"line":5,"column":27}},"5":{"start":{"line":6,"column":0},"end":{"line":6,"column":23}},"6":{"start":{"line":7,"column":0},"end":{"line":7,"column":21}},"7":{"start":{"line":39,"column":2},"end":{"line":56,"column":null}},"8":{"start":{"line":41,"column":6},"end":{"line":44,"column":null}},"9":{"start":{"line":43,"column":18},"end":{"line":43,"column":72}},"10":{"start":{"line":46,"column":6},"end":{"line":49,"column":null}},"11":{"start":{"line":48,"column":18},"end":{"line":48,"column":72}},"12":{"start":{"line":51,"column":6},"end":{"line":51,"column":null}},"13":{"start":{"line":53,"column":6},"end":{"line":53,"column":null}},"14":{"start":{"line":55,"column":6},"end":{"line":55,"column":null}},"15":{"start":{"line":38,"column":0},"end":{"line":38,"column":16}},"16":{"start":{"line":67,"column":2},"end":{"line":67,"column":null}},"17":{"start":{"line":68,"column":2},"end":{"line":72,"column":null}},"18":{"start":{"line":71,"column":6},"end":{"line":71,"column":null}},"19":{"start":{"line":73,"column":2},"end":{"line":73,"column":null}},"20":{"start":{"line":66,"column":0},"end":{"line":66,"column":16}},"21":{"start":{"line":83,"column":2},"end":{"line":83,"column":null}},"22":{"start":{"line":83,"column":61},"end":{"line":83,"column":null}},"23":{"start":{"line":84,"column":2},"end":{"line":84,"column":null}},"24":{"start":{"line":82,"column":0},"end":{"line":82,"column":16}},"25":{"start":{"line":95,"column":2},"end":{"line":97,"column":null}},"26":{"start":{"line":96,"column":4},"end":{"line":96,"column":null}},"27":{"start":{"line":98,"column":2},"end":{"line":100,"column":null}},"28":{"start":{"line":99,"column":4},"end":{"line":99,"column":null}},"29":{"start":{"line":99,"column":24},"end":{"line":99,"column":43}},"30":{"start":{"line":101,"column":2},"end":{"line":101,"column":null}},"31":{"start":{"line":94,"column":0},"end":{"line":94,"column":16}}},"fnMap":{"0":{"name":"(anonymous_4)","decl":{"start":{"line":3,"column":9},"end":{"line":3,"column":13}},"loc":{"start":{"line":3,"column":9},"end":{"line":1,"column":15}}},"1":{"name":"(anonymous_5)","decl":{"start":{"line":3,"column":15},"end":{"line":3,"column":20}},"loc":{"start":{"line":3,"column":15},"end":{"line":1,"column":36}}},"2":{"name":"changeCase","decl":{"start":{"line":38,"column":16},"end":{"line":38,"column":26}},"loc":{"start":{"line":38,"column":64},"end":{"line":57,"column":1}}},"3":{"name":"(anonymous_7)","decl":{"start":{"line":43,"column":8},"end":{"line":43,"column":9}},"loc":{"start":{"line":43,"column":18},"end":{"line":43,"column":72}}},"4":{"name":"(anonymous_8)","decl":{"start":{"line":48,"column":8},"end":{"line":48,"column":9}},"loc":{"start":{"line":48,"column":18},"end":{"line":48,"column":72}}},"5":{"name":"logGroup","decl":{"start":{"line":66,"column":16},"end":{"line":66,"column":24}},"loc":{"start":{"line":66,"column":50},"end":{"line":74,"column":1}}},"6":{"name":"(anonymous_10)","decl":{"start":{"line":70,"column":17},"end":{"line":70,"column":18}},"loc":{"start":{"line":70,"column":31},"end":{"line":72,"column":5}}},"7":{"name":"isEmpty","decl":{"start":{"line":82,"column":16},"end":{"line":82,"column":23}},"loc":{"start":{"line":82,"column":34},"end":{"line":85,"column":1}}},"8":{"name":"runFunc","decl":{"start":{"line":94,"column":16},"end":{"line":94,"column":23}},"loc":{"start":{"line":94,"column":49},"end":{"line":102,"column":1}}},"9":{"name":"(anonymous_13)","decl":{"start":{"line":99,"column":12},"end":{"line":99,"column":17}},"loc":{"start":{"line":99,"column":24},"end":{"line":99,"column":43}}}},"branchMap":{"0":{"loc":{"start":{"line":38,"column":40},"end":{"line":38,"column":64}},"type":"default-arg","locations":[{"start":{"line":38,"column":57},"end":{"line":38,"column":64}}]},"1":{"loc":{"start":{"line":39,"column":2},"end":{"line":56,"column":null}},"type":"switch","locations":[{"start":{"line":40,"column":4},"end":{"line":44,"column":null}},{"start":{"line":45,"column":4},"end":{"line":49,"column":null}},{"start":{"line":50,"column":4},"end":{"line":51,"column":null}},{"start":{"line":52,"column":4},"end":{"line":53,"column":null}},{"start":{"line":54,"column":4},"end":{"line":55,"column":null}}]},"2":{"loc":{"start":{"line":66,"column":25},"end":{"line":66,"column":34}},"type":"default-arg","locations":[{"start":{"line":66,"column":32},"end":{"line":66,"column":34}}]},"3":{"loc":{"start":{"line":68,"column":2},"end":{"line":72,"column":6}},"type":"binary-expr","locations":[{"start":{"line":68,"column":2},"end":{"line":68,"column":21}},{"start":{"line":69,"column":4},"end":{"line":69,"column":19}},{"start":{"line":70,"column":4},"end":{"line":72,"column":6}}]},"4":{"loc":{"start":{"line":83,"column":2},"end":{"line":83,"column":null}},"type":"if","locations":[{"start":{"line":83,"column":2},"end":{"line":83,"column":null}}]},"5":{"loc":{"start":{"line":83,"column":6},"end":{"line":83,"column":59}},"type":"binary-expr","locations":[{"start":{"line":83,"column":6},"end":{"line":83,"column":25}},{"start":{"line":83,"column":29},"end":{"line":83,"column":43}},{"start":{"line":83,"column":47},"end":{"line":83,"column":59}}]},"6":{"loc":{"start":{"line":95,"column":2},"end":{"line":97,"column":null}},"type":"if","locations":[{"start":{"line":95,"column":2},"end":{"line":97,"column":null}}]},"7":{"loc":{"start":{"line":98,"column":2},"end":{"line":100,"column":null}},"type":"if","locations":[{"start":{"line":98,"column":2},"end":{"line":100,"column":null}}]}},"s":{"0":1,"1":1,"2":1,"3":1,"4":1,"5":1,"6":1,"7":0,"8":0,"9":0,"10":0,"11":0,"12":0,"13":0,"14":0,"15":1,"16":0,"17":0,"18":0,"19":0,"20":1,"21":0,"22":0,"23":0,"24":1,"25":0,"26":0,"27":0,"28":0,"29":0,"30":0,"31":1},"f":{"0":0,"1":0,"2":0,"3":0,"4":0,"5":0,"6":0,"7":0,"8":0,"9":0},"b":{"0":[0],"1":[0,0,0,0,0],"2":[0],"3":[0,0,0],"4":[0],"5":[0,0,0],"6":[0],"7":[0]}}
,"C:\\RUIHUA\\npm\\rh-js-methods\\src\\util\\matchValue.ts": {"path":"C:\\RUIHUA\\npm\\rh-js-methods\\src\\util\\matchValue.ts","statementMap":{"0":{"start":{"line":1,"column":0},"end":{"line":1,"column":29}},"1":{"start":{"line":3,"column":0},"end":{"line":3,"column":58}},"2":{"start":{"line":4,"column":0},"end":{"line":4,"column":9}},"3":{"start":{"line":5,"column":9},"end":{"line":4,"column":43}},"4":{"start":{"line":16,"column":1},"end":{"line":18,"column":null}},"5":{"start":{"line":17,"column":2},"end":{"line":17,"column":null}},"6":{"start":{"line":20,"column":1},"end":{"line":22,"column":null}},"7":{"start":{"line":21,"column":2},"end":{"line":21,"column":null}},"8":{"start":{"line":24,"column":1},"end":{"line":26,"column":null}},"9":{"start":{"line":25,"column":2},"end":{"line":25,"column":null}},"10":{"start":{"line":28,"column":1},"end":{"line":30,"column":null}},"11":{"start":{"line":29,"column":2},"end":{"line":29,"column":null}},"12":{"start":{"line":32,"column":1},"end":{"line":32,"column":null}},"13":{"start":{"line":14,"column":0},"end":{"line":14,"column":16}},"14":{"start":{"line":43,"column":1},"end":{"line":43,"column":null}},"15":{"start":{"line":43,"column":26},"end":{"line":43,"column":null}},"16":{"start":{"line":44,"column":1},"end":{"line":44,"column":null}},"17":{"start":{"line":44,"column":34},"end":{"line":44,"column":null}},"18":{"start":{"line":45,"column":1},"end":{"line":47,"column":null}},"19":{"start":{"line":46,"column":2},"end":{"line":46,"column":null}},"20":{"start":{"line":48,"column":1},"end":{"line":48,"column":null}},"21":{"start":{"line":48,"column":58},"end":{"line":48,"column":null}},"22":{"start":{"line":49,"column":1},"end":{"line":49,"column":null}},"23":{"start":{"line":42,"column":0},"end":{"line":42,"column":16}}},"fnMap":{"0":{"name":"(anonymous_0)","decl":{"start":{"line":5,"column":9},"end":{"line":5,"column":20}},"loc":{"start":{"line":5,"column":9},"end":{"line":4,"column":43}}},"1":{"name":"matchValue","decl":{"start":{"line":14,"column":16},"end":{"line":14,"column":26}},"loc":{"start":{"line":14,"column":64},"end":{"line":33,"column":1}}},"2":{"name":"equal","decl":{"start":{"line":42,"column":16},"end":{"line":42,"column":21}},"loc":{"start":{"line":42,"column":48},"end":{"line":50,"column":1}}}},"branchMap":{"0":{"loc":{"start":{"line":16,"column":1},"end":{"line":18,"column":null}},"type":"if","locations":[{"start":{"line":16,"column":1},"end":{"line":18,"column":null}}]},"1":{"loc":{"start":{"line":20,"column":1},"end":{"line":22,"column":null}},"type":"if","locations":[{"start":{"line":20,"column":1},"end":{"line":22,"column":null}}]},"2":{"loc":{"start":{"line":24,"column":1},"end":{"line":26,"column":null}},"type":"if","locations":[{"start":{"line":24,"column":1},"end":{"line":26,"column":null}}]},"3":{"loc":{"start":{"line":28,"column":1},"end":{"line":30,"column":null}},"type":"if","locations":[{"start":{"line":28,"column":1},"end":{"line":30,"column":null}}]},"4":{"loc":{"start":{"line":43,"column":1},"end":{"line":43,"column":null}},"type":"if","locations":[{"start":{"line":43,"column":1},"end":{"line":43,"column":null}}]},"5":{"loc":{"start":{"line":44,"column":1},"end":{"line":44,"column":null}},"type":"if","locations":[{"start":{"line":44,"column":1},"end":{"line":44,"column":null}}]},"6":{"loc":{"start":{"line":45,"column":1},"end":{"line":47,"column":null}},"type":"if","locations":[{"start":{"line":45,"column":1},"end":{"line":47,"column":null}}]},"7":{"loc":{"start":{"line":48,"column":1},"end":{"line":48,"column":null}},"type":"if","locations":[{"start":{"line":48,"column":1},"end":{"line":48,"column":null}}]}},"s":{"0":1,"1":1,"2":1,"3":1,"4":0,"5":0,"6":0,"7":0,"8":0,"9":0,"10":0,"11":0,"12":0,"13":1,"14":0,"15":0,"16":0,"17":0,"18":0,"19":0,"20":0,"21":0,"22":0,"23":1},"f":{"0":0,"1":0,"2":0},"b":{"0":[0],"1":[0],"2":[0],"3":[0],"4":[0],"5":[0],"6":[0],"7":[0]}}
,"C:\\RUIHUA\\npm\\rh-js-methods\\src\\util\\toPathValue.ts": {"path":"C:\\RUIHUA\\npm\\rh-js-methods\\src\\util\\toPathValue.ts","statementMap":{"0":{"start":{"line":11,"column":25},"end":{"line":11,"column":46}},"1":{"start":{"line":13,"column":16},"end":{"line":13,"column":18}},"2":{"start":{"line":14,"column":1},"end":{"line":29,"column":null}},"3":{"start":{"line":16,"column":2},"end":{"line":19,"column":null}},"4":{"start":{"line":17,"column":3},"end":{"line":17,"column":null}},"5":{"start":{"line":18,"column":3},"end":{"line":18,"column":9}},"6":{"start":{"line":21,"column":2},"end":{"line":27,"column":null}},"7":{"start":{"line":22,"column":3},"end":{"line":22,"column":null}},"8":{"start":{"line":24,"column":3},"end":{"line":26,"column":null}},"9":{"start":{"line":25,"column":4},"end":{"line":25,"column":null}},"10":{"start":{"line":31,"column":1},"end":{"line":31,"column":null}},"11":{"start":{"line":9,"column":0},"end":{"line":9,"column":16}}},"fnMap":{"0":{"name":"toPathValue","decl":{"start":{"line":9,"column":16},"end":{"line":9,"column":27}},"loc":{"start":{"line":9,"column":50},"end":{"line":33,"column":1}}},"1":{"name":"(anonymous_1)","decl":{"start":{"line":14,"column":15},"end":{"line":14,"column":16}},"loc":{"start":{"line":14,"column":32},"end":{"line":29,"column":2}}}},"branchMap":{"0":{"loc":{"start":{"line":11,"column":25},"end":{"line":11,"column":46}},"type":"binary-expr","locations":[{"start":{"line":11,"column":25},"end":{"line":11,"column":40}},{"start":{"line":11,"column":44},"end":{"line":11,"column":46}}]},"1":{"loc":{"start":{"line":16,"column":2},"end":{"line":19,"column":null}},"type":"if","locations":[{"start":{"line":16,"column":2},"end":{"line":19,"column":null}}]},"2":{"loc":{"start":{"line":16,"column":6},"end":{"line":16,"column":57}},"type":"binary-expr","locations":[{"start":{"line":16,"column":6},"end":{"line":16,"column":21}},{"start":{"line":16,"column":25},"end":{"line":16,"column":57}}]},"3":{"loc":{"start":{"line":17,"column":9},"end":{"line":17,"column":40}},"type":"binary-expr","locations":[{"start":{"line":17,"column":9},"end":{"line":17,"column":27}},{"start":{"line":17,"column":31},"end":{"line":17,"column":40}}]},"4":{"loc":{"start":{"line":21,"column":2},"end":{"line":27,"column":null}},"type":"if","locations":[{"start":{"line":21,"column":2},"end":{"line":27,"column":null}},{"start":{"line":23,"column":9},"end":{"line":27,"column":null}}]},"5":{"loc":{"start":{"line":22,"column":9},"end":{"line":22,"column":31}},"type":"binary-expr","locations":[{"start":{"line":22,"column":9},"end":{"line":22,"column":18}},{"start":{"line":22,"column":22},"end":{"line":22,"column":31}}]},"6":{"loc":{"start":{"line":24,"column":3},"end":{"line":26,"column":null}},"type":"if","locations":[{"start":{"line":24,"column":3},"end":{"line":26,"column":null}}]}},"s":{"0":0,"1":0,"2":0,"3":0,"4":0,"5":0,"6":0,"7":0,"8":0,"9":0,"10":0,"11":1},"f":{"0":0,"1":0},"b":{"0":[0,0],"1":[0],"2":[0,0],"3":[0,0],"4":[0,0],"5":[0,0],"6":[0]}}
,"C:\\RUIHUA\\npm\\rh-js-methods\\src\\util\\type.ts": {"path":"C:\\RUIHUA\\npm\\rh-js-methods\\src\\util\\type.ts","statementMap":{"0":{"start":{"line":10,"column":25},"end":{"line":12,"column":33}},"1":{"start":{"line":13,"column":2},"end":{"line":13,"column":null}},"2":{"start":{"line":13,"column":43},"end":{"line":13,"column":null}},"3":{"start":{"line":14,"column":2},"end":{"line":14,"column":null}},"4":{"start":{"line":9,"column":0},"end":{"line":9,"column":16}},"5":{"start":{"line":25,"column":17},"end":{"line":25,"column":47}},"6":{"start":{"line":25,"column":33},"end":{"line":25,"column":40}},"7":{"start":{"line":26,"column":2},"end":{"line":28,"column":null}},"8":{"start":{"line":27,"column":4},"end":{"line":27,"column":null}},"9":{"start":{"line":29,"column":2},"end":{"line":29,"column":null}},"10":{"start":{"line":24,"column":0},"end":{"line":24,"column":16}}},"fnMap":{"0":{"name":"type","decl":{"start":{"line":9,"column":16},"end":{"line":9,"column":20}},"loc":{"start":{"line":9,"column":31},"end":{"line":15,"column":1}}},"1":{"name":"types","decl":{"start":{"line":24,"column":16},"end":{"line":24,"column":21}},"loc":{"start":{"line":24,"column":54},"end":{"line":30,"column":1}}},"2":{"name":"(anonymous_2)","decl":{"start":{"line":25,"column":28},"end":{"line":25,"column":29}},"loc":{"start":{"line":25,"column":33},"end":{"line":25,"column":40}}}},"branchMap":{"0":{"loc":{"start":{"line":13,"column":2},"end":{"line":13,"column":null}},"type":"if","locations":[{"start":{"line":13,"column":2},"end":{"line":13,"column":null}}]},"1":{"loc":{"start":{"line":13,"column":6},"end":{"line":13,"column":41}},"type":"binary-expr","locations":[{"start":{"line":13,"column":6},"end":{"line":13,"column":25}},{"start":{"line":13,"column":29},"end":{"line":13,"column":41}}]},"2":{"loc":{"start":{"line":24,"column":37},"end":{"line":24,"column":54}},"type":"default-arg","locations":[{"start":{"line":24,"column":49},"end":{"line":24,"column":54}}]},"3":{"loc":{"start":{"line":25,"column":17},"end":{"line":25,"column":47}},"type":"binary-expr","locations":[{"start":{"line":25,"column":17},"end":{"line":25,"column":41}},{"start":{"line":25,"column":45},"end":{"line":25,"column":47}}]},"4":{"loc":{"start":{"line":26,"column":2},"end":{"line":28,"column":null}},"type":"if","locations":[{"start":{"line":26,"column":2},"end":{"line":28,"column":null}}]}},"s":{"0":0,"1":0,"2":0,"3":0,"4":1,"5":0,"6":0,"7":0,"8":0,"9":0,"10":1},"f":{"0":0,"1":0,"2":0},"b":{"0":[0],"1":[0,0],"2":[0],"3":[0,0],"4":[0]}}
,"C:\\RUIHUA\\npm\\rh-js-methods\\src\\util\\util\\matchNumberValue.ts": {"path":"C:\\RUIHUA\\npm\\rh-js-methods\\src\\util\\util\\matchNumberValue.ts","statementMap":{"0":{"start":{"line":1,"column":0},"end":{"line":1,"column":30}},"1":{"start":{"line":6,"column":25},"end":{"line":6,"column":34}},"2":{"start":{"line":7,"column":27},"end":{"line":7,"column":38}},"3":{"start":{"line":9,"column":1},"end":{"line":11,"column":null}},"4":{"start":{"line":10,"column":2},"end":{"line":10,"column":null}},"5":{"start":{"line":13,"column":1},"end":{"line":15,"column":null}},"6":{"start":{"line":14,"column":2},"end":{"line":14,"column":null}},"7":{"start":{"line":17,"column":1},"end":{"line":30,"column":null}},"8":{"start":{"line":19,"column":40},"end":{"line":19,"column":92}},"9":{"start":{"line":21,"column":2},"end":{"line":29,"column":null}},"10":{"start":{"line":22,"column":13},"end":{"line":22,"column":null}},"11":{"start":{"line":23,"column":13},"end":{"line":23,"column":null}},"12":{"start":{"line":24,"column":14},"end":{"line":24,"column":null}},"13":{"start":{"line":25,"column":13},"end":{"line":25,"column":null}},"14":{"start":{"line":26,"column":14},"end":{"line":26,"column":null}},"15":{"start":{"line":28,"column":14},"end":{"line":28,"column":null}},"16":{"start":{"line":32,"column":1},"end":{"line":32,"column":null}},"17":{"start":{"line":4,"column":0},"end":{"line":4,"column":16}}},"fnMap":{"0":{"name":"matchNumberValue","decl":{"start":{"line":4,"column":16},"end":{"line":4,"column":32}},"loc":{"start":{"line":4,"column":58},"end":{"line":34,"column":1}}}},"branchMap":{"0":{"loc":{"start":{"line":9,"column":1},"end":{"line":11,"column":null}},"type":"if","locations":[{"start":{"line":9,"column":1},"end":{"line":11,"column":null}}]},"1":{"loc":{"start":{"line":13,"column":1},"end":{"line":15,"column":null}},"type":"if","locations":[{"start":{"line":13,"column":1},"end":{"line":15,"column":null}}]},"2":{"loc":{"start":{"line":17,"column":1},"end":{"line":30,"column":null}},"type":"if","locations":[{"start":{"line":17,"column":1},"end":{"line":30,"column":null}}]},"3":{"loc":{"start":{"line":19,"column":17},"end":{"line":19,"column":26}},"type":"default-arg","locations":[{"start":{"line":19,"column":23},"end":{"line":19,"column":26}}]},"4":{"loc":{"start":{"line":19,"column":40},"end":{"line":19,"column":92}},"type":"binary-expr","locations":[{"start":{"line":19,"column":40},"end":{"line":19,"column":86}},{"start":{"line":19,"column":90},"end":{"line":19,"column":92}}]},"5":{"loc":{"start":{"line":21,"column":2},"end":{"line":29,"column":null}},"type":"switch","locations":[{"start":{"line":22,"column":3},"end":{"line":22,"column":null}},{"start":{"line":23,"column":3},"end":{"line":23,"column":null}},{"start":{"line":24,"column":3},"end":{"line":24,"column":null}},{"start":{"line":25,"column":3},"end":{"line":25,"column":null}},{"start":{"line":26,"column":3},"end":{"line":26,"column":null}},{"start":{"line":27,"column":3},"end":{"line":27,"column":13}},{"start":{"line":28,"column":3},"end":{"line":28,"column":null}}]}},"s":{"0":1,"1":0,"2":0,"3":0,"4":0,"5":0,"6":0,"7":0,"8":0,"9":0,"10":0,"11":0,"12":0,"13":0,"14":0,"15":0,"16":0,"17":1},"f":{"0":0},"b":{"0":[0],"1":[0],"2":[0],"3":[0],"4":[0,0],"5":[0,0,0,0,0,0,0]}}
}
