TN:
SF:src\constants.ts
FNF:0
FNH:0
DA:1,1
DA:2,1
DA:3,1
LF:3
LH:3
BRF:0
BRH:0
end_of_record
TN:
SF:src\array\filter.ts
FN:11,filter
FN:24,(anonymous_1)
FNF:2
FNH:0
FNDA:0,filter
FNDA:0,(anonymous_1)
DA:1,1
DA:11,1
DA:17,0
DA:19,0
DA:21,0
DA:22,0
DA:24,0
DA:26,0
DA:28,0
DA:29,0
DA:30,0
DA:32,0
LF:12
LH:2
BRDA:14,0,0,0
BRDA:17,1,0,0
BRDA:17,2,0,0
BRDA:17,2,1,0
BRDA:26,3,0,0
BRDA:29,4,0,0
BRDA:30,5,0,0
BRF:7
BRH:0
end_of_record
TN:
SF:src\array\index.ts
FNF:0
FNH:0
DA:1,1
DA:2,1
DA:3,1
DA:4,1
DA:5,1
DA:6,1
LF:6
LH:6
BRF:0
BRH:0
end_of_record
TN:
SF:src\array\isArray.ts
FN:7,isArray
FNF:1
FNH:1
FNDA:1,isArray
DA:7,1
DA:8,1
LF:2
LH:2
BRF:0
BRH:0
end_of_record
TN:
SF:src\array\select.ts
FN:11,selects
FN:33,select
FNF:2
FNH:0
FNDA:0,selects
FNDA:0,select
DA:1,1
DA:11,1
DA:12,0
DA:13,0
DA:15,0
DA:16,0
DA:17,0
DA:18,0
DA:19,0
DA:20,0
DA:21,0
DA:23,0
DA:33,1
DA:34,0
DA:35,0
DA:37,0
DA:38,0
DA:39,0
DA:40,0
DA:42,0
LF:20
LH:3
BRDA:12,0,0,0
BRDA:15,1,0,0
BRDA:15,1,1,0
BRDA:33,2,0,0
BRDA:35,3,0,0
BRDA:37,4,0,0
BRDA:37,5,0,0
BRDA:37,5,1,0
BRDA:38,6,0,0
BRDA:39,7,0,0
BRDA:40,8,0,0
BRF:11
BRH:0
end_of_record
TN:
SF:src\array\toArray.ts
FN:9,toArray
FNF:1
FNH:1
FNDA:1,toArray
DA:1,1
DA:9,1
DA:10,1
DA:11,0
LF:4
LH:3
BRDA:10,0,0,1
BRF:1
BRH:1
end_of_record
TN:
SF:src\array\util.ts
FN:7,pick
FN:17,unique
FN:28,chunk
FN:38,concat
FN:62,drop
FN:77,dropRight
FN:90,fill
FN:106,difference
FN:113,(anonymous_8)
FNF:9
FNH:0
FNDA:0,pick
FNDA:0,unique
FNDA:0,chunk
FNDA:0,concat
FNDA:0,drop
FNDA:0,dropRight
FNDA:0,fill
FNDA:0,difference
FNDA:0,(anonymous_8)
DA:7,1
DA:8,0
DA:17,1
DA:18,0
DA:28,1
DA:29,0
DA:38,1
DA:39,0
DA:40,0
DA:41,0
DA:42,0
DA:43,0
DA:44,0
DA:45,0
DA:47,0
DA:49,0
DA:52,0
DA:62,1
DA:63,0
DA:64,0
DA:65,0
DA:67,0
DA:77,1
DA:78,0
DA:79,0
DA:90,1
DA:95,0
DA:96,0
DA:106,1
DA:107,0
DA:108,0
DA:111,0
DA:113,0
DA:114,0
LF:34
LH:8
BRDA:40,0,0,0
BRDA:40,1,0,0
BRDA:40,1,1,0
BRDA:44,2,0,0
BRDA:44,2,1,0
BRDA:62,3,0,0
BRDA:62,4,0,0
BRDA:64,5,0,0
BRDA:77,6,0,0
BRDA:78,7,0,0
BRDA:78,7,1,0
BRDA:93,8,0,0
BRDA:107,9,0,0
BRDA:108,10,0,0
BRDA:108,10,1,0
BRDA:111,11,0,0
BRF:16
BRH:0
end_of_record
TN:
SF:src\array\zip.ts
FN:10,zip
FN:15,(anonymous_1)
FN:26,zipObject
FNF:3
FNH:0
FNDA:0,zip
FNDA:0,(anonymous_1)
FNDA:0,zipObject
DA:1,1
DA:10,1
DA:11,0
DA:12,0
DA:13,0
DA:16,0
DA:17,0
DA:18,0
DA:21,0
DA:26,1
DA:27,0
DA:28,0
DA:29,0
DA:31,0
LF:14
LH:3
BRDA:16,0,0,0
BRF:1
BRH:0
end_of_record
TN:
SF:src\function\loop.ts
FN:8,loop
FN:35,loops
FN:70,loopArray
FNF:3
FNH:0
FNDA:0,loop
FNDA:0,loops
FNDA:0,loopArray
DA:8,1
DA:13,0
DA:14,0
DA:16,0
DA:17,0
DA:19,0
DA:20,0
DA:25,0
DA:35,1
DA:41,0
DA:42,0
DA:43,0
DA:46,0
DA:47,0
DA:50,0
DA:52,0
DA:54,0
DA:55,0
DA:58,0
DA:70,1
DA:72,0
DA:73,0
DA:74,0
DA:78,0
LF:24
LH:3
BRDA:11,0,0,0
BRDA:19,1,0,0
BRDA:38,2,0,0
BRDA:42,3,0,0
BRDA:46,4,0,0
BRDA:73,5,0,0
BRF:6
BRH:0
end_of_record
TN:
SF:src\number\index.ts
FNF:0
FNH:0
DA:1,1
DA:2,1
DA:3,1
LF:3
LH:3
BRF:0
BRH:0
end_of_record
TN:
SF:src\number\isFloat.ts
FN:7,isFloat
FNF:1
FNH:0
FNDA:0,isFloat
DA:7,1
DA:8,0
LF:2
LH:1
BRF:0
BRH:0
end_of_record
TN:
SF:src\number\random.ts
FN:11,random
FNF:1
FNH:0
FNDA:0,random
DA:1,1
DA:2,1
DA:11,1
DA:17,0
DA:18,0
DA:21,0
DA:22,0
DA:23,0
DA:24,0
DA:28,0
DA:30,0
DA:31,0
LF:12
LH:3
BRDA:12,0,0,0
BRDA:13,1,0,0
BRDA:14,2,0,0
BRDA:17,3,0,0
BRDA:17,4,0,0
BRDA:17,4,1,0
BRDA:21,5,0,0
BRDA:21,6,0,0
BRDA:21,6,1,0
BRDA:22,7,0,0
BRDA:22,7,1,0
BRDA:23,8,0,0
BRDA:30,9,0,0
BRF:13
BRH:0
end_of_record
TN:
SF:src\number\util.ts
FN:13,spLength
FN:38,isNumber
FN:48,isEffectNumber
FN:63,toNumber
FN:84,toFloat
FN:94,getDecimal
FN:106,clamp
FN:122,inRange
FN:137,between
FN:151,round
FN:162,toThousands
FNF:11
FNH:0
FNDA:0,spLength
FNDA:0,isNumber
FNDA:0,isEffectNumber
FNDA:0,toNumber
FNDA:0,toFloat
FNDA:0,getDecimal
FNDA:0,clamp
FNDA:0,inRange
FNDA:0,between
FNDA:0,round
FNDA:0,toThousands
DA:1,1
DA:2,1
DA:3,1
DA:13,1
DA:14,0
DA:15,0
DA:18,0
DA:19,0
DA:21,0
DA:22,0
DA:25,0
DA:26,0
DA:29,0
DA:38,1
DA:39,0
DA:48,1
DA:49,0
DA:50,0
DA:51,0
DA:53,0
DA:63,1
DA:64,0
DA:65,0
DA:66,0
DA:67,0
DA:69,0
DA:70,0
DA:71,0
DA:73,0
DA:84,1
DA:85,0
DA:94,1
DA:95,0
DA:96,0
DA:106,1
DA:107,0
DA:108,0
DA:109,0
DA:122,1
DA:123,0
DA:124,0
DA:125,0
DA:126,0
DA:137,1
DA:138,0
DA:139,0
DA:140,0
DA:141,0
DA:151,1
DA:152,0
DA:153,0
DA:162,1
DA:163,0
LF:53
LH:14
BRDA:13,0,0,0
BRDA:14,1,0,0
BRDA:21,2,0,0
BRDA:25,3,0,0
BRDA:39,4,0,0
BRDA:39,4,1,0
BRDA:49,5,0,0
BRDA:50,6,0,0
BRDA:50,7,0,0
BRDA:50,7,1,0
BRDA:64,8,0,0
BRDA:65,9,0,0
BRDA:66,10,0,0
BRDA:70,11,0,0
BRDA:84,12,0,0
BRDA:95,13,0,0
BRDA:106,14,0,0
BRDA:106,15,0,0
BRDA:107,16,0,0
BRDA:108,17,0,0
BRDA:122,18,0,0
BRDA:122,19,0,0
BRDA:123,20,0,0
BRDA:124,21,0,0
BRDA:125,22,0,0
BRDA:137,23,0,0
BRDA:137,24,0,0
BRDA:138,25,0,0
BRDA:139,26,0,0
BRDA:140,27,0,0
BRDA:151,28,0,0
BRDA:152,29,0,0
BRF:32
BRH:0
end_of_record
TN:
SF:src\object\existKeys.ts
FN:12,existKeys
FNF:1
FNH:0
FNDA:0,existKeys
DA:1,1
DA:12,1
DA:13,0
DA:14,0
DA:16,0
DA:17,0
DA:19,0
LF:7
LH:2
BRDA:17,0,0,0
BRF:1
BRH:0
end_of_record
TN:
SF:src\object\index.ts
FN:11,isObject
FN:23,serialize
FN:25,(anonymous_6)
FNF:3
FNH:0
FNDA:0,isObject
FNDA:0,serialize
FNDA:0,(anonymous_6)
DA:1,1
DA:2,1
DA:3,1
DA:11,1
DA:12,0
DA:23,1
DA:24,0
DA:25,0
LF:8
LH:5
BRDA:12,0,0,0
BRDA:12,0,1,0
BRDA:23,1,0,0
BRDA:25,2,0,0
BRDA:25,2,1,0
BRF:5
BRH:0
end_of_record
TN:
SF:src\object\omit.ts
FN:8,omitRecord
FN:9,(anonymous_1)
FNF:2
FNH:0
FNDA:0,omitRecord
FNDA:0,(anonymous_1)
DA:8,1
DA:9,0
DA:10,0
DA:12,0
LF:4
LH:1
BRDA:8,0,0,0
BRDA:10,1,0,0
BRDA:10,1,1,0
BRF:3
BRH:0
end_of_record
TN:
SF:src\util\ban.ts
FN:22,ban
FN:30,(anonymous_1)
FN:49,asyncBan
FN:58,(anonymous_3)
FN:77,catchError
FN:81,(anonymous_5)
FN:97,asyncCatchError
FN:101,(anonymous_7)
FNF:8
FNH:0
FNDA:0,ban
FNDA:0,(anonymous_1)
FNDA:0,asyncBan
FNDA:0,(anonymous_3)
FNDA:0,catchError
FNDA:0,(anonymous_5)
FNDA:0,asyncCatchError
FNDA:0,(anonymous_7)
DA:22,1
DA:26,0
DA:27,0
DA:28,0
DA:29,0
DA:30,0
DA:31,0
DA:32,0
DA:33,0
DA:34,0
DA:35,0
DA:37,0
DA:39,0
DA:49,1
DA:53,0
DA:54,0
DA:55,0
DA:56,0
DA:58,0
DA:59,0
DA:60,0
DA:61,0
DA:62,0
DA:63,0
DA:65,0
DA:67,0
DA:77,1
DA:81,0
DA:82,0
DA:83,0
DA:85,0
DA:97,1
DA:101,0
DA:102,0
DA:103,0
DA:105,0
LF:36
LH:4
BRDA:26,0,0,0
BRDA:26,1,0,0
BRDA:27,2,0,0
BRDA:28,3,0,0
BRDA:31,4,0,0
BRDA:34,5,0,0
BRDA:53,6,0,0
BRDA:53,7,0,0
BRDA:54,8,0,0
BRDA:55,9,0,0
BRDA:59,10,0,0
BRDA:62,11,0,0
BRF:12
BRH:0
end_of_record
TN:
SF:src\util\deepClone.ts
FN:3,deepClonePredicate
FN:27,deepClone
FNF:2
FNH:0
FNDA:0,deepClonePredicate
FNDA:0,deepClone
DA:1,1
DA:4,0
DA:11,0
DA:12,0
DA:13,0
DA:14,0
DA:17,0
DA:20,0
DA:23,0
DA:27,1
DA:28,0
LF:11
LH:2
BRDA:4,0,0,0
BRDA:4,0,1,0
BRDA:4,0,2,0
BRDA:4,0,3,0
BRDA:4,0,4,0
BRDA:4,0,5,0
BRDA:4,0,6,0
BRDA:13,1,0,0
BRF:8
BRH:0
end_of_record
TN:
SF:src\util\error.ts
FN:9,throwError
FN:13,(anonymous_1)
FN:30,asyncThrowError
FN:34,(anonymous_3)
FNF:4
FNH:0
FNDA:0,throwError
FNDA:0,(anonymous_1)
FNDA:0,asyncThrowError
FNDA:0,(anonymous_3)
DA:9,1
DA:13,0
DA:14,0
DA:15,0
DA:17,0
DA:30,1
DA:34,0
DA:35,0
DA:36,0
DA:38,0
LF:10
LH:2
BRF:0
BRH:0
end_of_record
TN:
SF:src\util\index.ts
FN:3,(anonymous_4)
FN:3,(anonymous_5)
FN:38,changeCase
FN:43,(anonymous_7)
FN:48,(anonymous_8)
FN:66,logGroup
FN:70,(anonymous_10)
FN:82,isEmpty
FN:94,runFunc
FN:99,(anonymous_13)
FNF:10
FNH:0
FNDA:0,(anonymous_4)
FNDA:0,(anonymous_5)
FNDA:0,changeCase
FNDA:0,(anonymous_7)
FNDA:0,(anonymous_8)
FNDA:0,logGroup
FNDA:0,(anonymous_10)
FNDA:0,isEmpty
FNDA:0,runFunc
FNDA:0,(anonymous_13)
DA:1,1
DA:3,1
DA:4,1
DA:5,1
DA:6,1
DA:7,1
DA:38,1
DA:39,0
DA:41,0
DA:43,0
DA:46,0
DA:48,0
DA:51,0
DA:53,0
DA:55,0
DA:66,1
DA:67,0
DA:68,0
DA:71,0
DA:73,0
DA:82,1
DA:83,0
DA:84,0
DA:94,1
DA:95,0
DA:96,0
DA:98,0
DA:99,0
DA:101,0
LF:29
LH:10
BRDA:38,0,0,0
BRDA:39,1,0,0
BRDA:39,1,1,0
BRDA:39,1,2,0
BRDA:39,1,3,0
BRDA:39,1,4,0
BRDA:66,2,0,0
BRDA:68,3,0,0
BRDA:68,3,1,0
BRDA:68,3,2,0
BRDA:83,4,0,0
BRDA:83,5,0,0
BRDA:83,5,1,0
BRDA:83,5,2,0
BRDA:95,6,0,0
BRDA:98,7,0,0
BRF:16
BRH:0
end_of_record
TN:
SF:src\util\matchValue.ts
FN:5,(anonymous_0)
FN:14,matchValue
FN:42,equal
FNF:3
FNH:0
FNDA:0,(anonymous_0)
FNDA:0,matchValue
FNDA:0,equal
DA:1,1
DA:3,1
DA:4,1
DA:5,1
DA:14,1
DA:16,0
DA:17,0
DA:20,0
DA:21,0
DA:24,0
DA:25,0
DA:28,0
DA:29,0
DA:32,0
DA:42,1
DA:43,0
DA:44,0
DA:45,0
DA:46,0
DA:48,0
DA:49,0
LF:21
LH:6
BRDA:16,0,0,0
BRDA:20,1,0,0
BRDA:24,2,0,0
BRDA:28,3,0,0
BRDA:43,4,0,0
BRDA:44,5,0,0
BRDA:45,6,0,0
BRDA:48,7,0,0
BRF:8
BRH:0
end_of_record
TN:
SF:src\util\toPathValue.ts
FN:9,toPathValue
FN:14,(anonymous_1)
FNF:2
FNH:0
FNDA:0,toPathValue
FNDA:0,(anonymous_1)
DA:9,1
DA:11,0
DA:13,0
DA:14,0
DA:16,0
DA:17,0
DA:18,0
DA:21,0
DA:22,0
DA:24,0
DA:25,0
DA:31,0
LF:12
LH:1
BRDA:11,0,0,0
BRDA:11,0,1,0
BRDA:16,1,0,0
BRDA:16,2,0,0
BRDA:16,2,1,0
BRDA:17,3,0,0
BRDA:17,3,1,0
BRDA:21,4,0,0
BRDA:21,4,1,0
BRDA:22,5,0,0
BRDA:22,5,1,0
BRDA:24,6,0,0
BRF:12
BRH:0
end_of_record
TN:
SF:src\util\type.ts
FN:9,type
FN:24,types
FN:25,(anonymous_2)
FNF:3
FNH:0
FNDA:0,type
FNDA:0,types
FNDA:0,(anonymous_2)
DA:9,1
DA:10,0
DA:13,0
DA:14,0
DA:24,1
DA:25,0
DA:26,0
DA:27,0
DA:29,0
LF:9
LH:2
BRDA:13,0,0,0
BRDA:13,1,0,0
BRDA:13,1,1,0
BRDA:24,2,0,0
BRDA:25,3,0,0
BRDA:25,3,1,0
BRDA:26,4,0,0
BRF:7
BRH:0
end_of_record
TN:
SF:src\util\util\matchNumberValue.ts
FN:4,matchNumberValue
FNF:1
FNH:0
FNDA:0,matchNumberValue
DA:1,1
DA:4,1
DA:6,0
DA:7,0
DA:9,0
DA:10,0
DA:13,0
DA:14,0
DA:17,0
DA:19,0
DA:21,0
DA:22,0
DA:23,0
DA:24,0
DA:25,0
DA:26,0
DA:28,0
DA:32,0
LF:18
LH:2
BRDA:9,0,0,0
BRDA:13,1,0,0
BRDA:17,2,0,0
BRDA:19,3,0,0
BRDA:19,4,0,0
BRDA:19,4,1,0
BRDA:21,5,0,0
BRDA:21,5,1,0
BRDA:21,5,2,0
BRDA:21,5,3,0
BRDA:21,5,4,0
BRDA:21,5,5,0
BRDA:21,5,6,0
BRF:13
BRH:0
end_of_record
